<?xml version="1.0" encoding="UTF-8"?>
<coverage generated="1773886867">
  <project timestamp="1773886867">
    <file name="C:\wamp64\www\4th_year_project\app\Broadcasting\NotificationChannel.php">
      <class name="App\Broadcasting\NotificationChannel" namespace="global">
        <metrics complexity="2" methods="2" coveredmethods="0" conditionals="0" coveredconditionals="0" statements="2" coveredstatements="0" elements="4" coveredelements="0"/>
      </class>
      <line num="12" type="method" name="__construct" visibility="public" complexity="1" crap="2" count="0"/>
      <line num="15" type="stmt" count="0"/>
      <line num="20" type="method" name="join" visibility="public" complexity="1" crap="2" count="0"/>
      <line num="23" type="stmt" count="0"/>
      <metrics loc="25" ncloc="17" classes="1" methods="2" coveredmethods="0" conditionals="0" coveredconditionals="0" statements="2" coveredstatements="0" elements="4" coveredelements="0"/>
    </file>
    <file name="C:\wamp64\www\4th_year_project\app\DTOs\Ride\BookRideDTO.php">
      <class name="App\DTOs\Ride\BookRideDTO" namespace="global">
        <metrics complexity="4" methods="3" coveredmethods="2" conditionals="0" coveredconditionals="0" statements="16" coveredstatements="9" elements="19" coveredelements="11"/>
      </class>
      <line num="15" type="method" name="__construct" visibility="public" complexity="1" crap="1" count="6"/>
      <line num="22" type="stmt" count="6"/>
      <line num="27" type="method" name="fromRequest" visibility="public" complexity="2" crap="2" count="6"/>
      <line num="29" type="stmt" count="6"/>
      <line num="30" type="stmt" count="6"/>
      <line num="31" type="stmt" count="6"/>
      <line num="32" type="stmt" count="6"/>
      <line num="33" type="stmt" count="6"/>
      <line num="34" type="stmt" count="6"/>
      <line num="35" type="stmt" count="6"/>
      <line num="36" type="stmt" count="6"/>
      <line num="42" type="method" name="toArray" visibility="public" complexity="1" crap="2" count="0"/>
      <line num="44" type="stmt" count="0"/>
      <line num="45" type="stmt" count="0"/>
      <line num="46" type="stmt" count="0"/>
      <line num="47" type="stmt" count="0"/>
      <line num="48" type="stmt" count="0"/>
      <line num="49" type="stmt" count="0"/>
      <line num="50" type="stmt" count="0"/>
      <metrics loc="53" ncloc="42" classes="1" methods="3" coveredmethods="2" conditionals="0" coveredconditionals="0" statements="16" coveredstatements="9" elements="19" coveredelements="11"/>
    </file>
    <file name="C:\wamp64\www\4th_year_project\app\DTOs\Ride\CreateRideDTO.php">
      <class name="App\DTOs\Ride\CreateRideDTO" namespace="global">
        <metrics complexity="7" methods="5" coveredmethods="0" conditionals="0" coveredconditionals="0" statements="47" coveredstatements="0" elements="52" coveredelements="0"/>
      </class>
      <line num="21" type="method" name="__construct" visibility="public" complexity="1" crap="2" count="0"/>
      <line num="39" type="stmt" count="0"/>
      <line num="44" type="method" name="fromRequest" visibility="public" complexity="3" crap="12" count="0"/>
      <line num="47" type="stmt" count="0"/>
      <line num="48" type="stmt" count="0"/>
      <line num="49" type="stmt" count="0"/>
      <line num="52" type="stmt" count="0"/>
      <line num="53" type="stmt" count="0"/>
      <line num="54" type="stmt" count="0"/>
      <line num="56" type="stmt" count="0"/>
      <line num="57" type="stmt" count="0"/>
      <line num="58" type="stmt" count="0"/>
      <line num="59" type="stmt" count="0"/>
      <line num="60" type="stmt" count="0"/>
      <line num="61" type="stmt" count="0"/>
      <line num="62" type="stmt" count="0"/>
      <line num="63" type="stmt" count="0"/>
      <line num="64" type="stmt" count="0"/>
      <line num="65" type="stmt" count="0"/>
      <line num="66" type="stmt" count="0"/>
      <line num="67" type="stmt" count="0"/>
      <line num="68" type="stmt" count="0"/>
      <line num="69" type="stmt" count="0"/>
      <line num="70" type="stmt" count="0"/>
      <line num="71" type="stmt" count="0"/>
      <line num="72" type="stmt" count="0"/>
      <line num="73" type="stmt" count="0"/>
      <line num="74" type="stmt" count="0"/>
      <line num="81" type="method" name="calculateTotalValue" visibility="public" complexity="1" crap="2" count="0"/>
      <line num="83" type="stmt" count="0"/>
      <line num="89" type="method" name="calculateRideCreationFee" visibility="public" complexity="1" crap="2" count="0"/>
      <line num="91" type="stmt" count="0"/>
      <line num="97" type="method" name="toArray" visibility="public" complexity="1" crap="2" count="0"/>
      <line num="99" type="stmt" count="0"/>
      <line num="100" type="stmt" count="0"/>
      <line num="101" type="stmt" count="0"/>
      <line num="102" type="stmt" count="0"/>
      <line num="103" type="stmt" count="0"/>
      <line num="104" type="stmt" count="0"/>
      <line num="105" type="stmt" count="0"/>
      <line num="106" type="stmt" count="0"/>
      <line num="107" type="stmt" count="0"/>
      <line num="108" type="stmt" count="0"/>
      <line num="109" type="stmt" count="0"/>
      <line num="110" type="stmt" count="0"/>
      <line num="111" type="stmt" count="0"/>
      <line num="112" type="stmt" count="0"/>
      <line num="113" type="stmt" count="0"/>
      <line num="114" type="stmt" count="0"/>
      <line num="115" type="stmt" count="0"/>
      <line num="116" type="stmt" count="0"/>
      <line num="117" type="stmt" count="0"/>
      <metrics loc="120" ncloc="98" classes="1" methods="5" coveredmethods="0" conditionals="0" coveredconditionals="0" statements="47" coveredstatements="0" elements="52" coveredelements="0"/>
    </file>
    <file name="C:\wamp64\www\4th_year_project\app\Domain\Payment\Strategies\CashPaymentStrategy.php">
      <class name="App\Domain\Payment\Strategies\CashPaymentStrategy" namespace="global">
        <metrics complexity="4" methods="4" coveredmethods="0" conditionals="0" coveredconditionals="0" statements="14" coveredstatements="0" elements="18" coveredelements="0"/>
      </class>
      <line num="18" type="method" name="processBookingPayment" visibility="public" complexity="1" crap="2" count="0"/>
      <line num="23" type="stmt" count="0"/>
      <line num="24" type="stmt" count="0"/>
      <line num="25" type="stmt" count="0"/>
      <line num="26" type="stmt" count="0"/>
      <line num="27" type="stmt" count="0"/>
      <line num="28" type="stmt" count="0"/>
      <line num="30" type="stmt" count="0"/>
      <line num="33" type="method" name="processRefund" visibility="public" complexity="1" crap="2" count="0"/>
      <line num="37" type="stmt" count="0"/>
      <line num="38" type="stmt" count="0"/>
      <line num="39" type="stmt" count="0"/>
      <line num="40" type="stmt" count="0"/>
      <line num="42" type="stmt" count="0"/>
      <line num="45" type="method" name="canProcess" visibility="public" complexity="1" crap="2" count="0"/>
      <line num="47" type="stmt" count="0"/>
      <line num="50" type="method" name="getPaymentMethod" visibility="public" complexity="1" crap="2" count="0"/>
      <line num="52" type="stmt" count="0"/>
      <metrics loc="55" ncloc="46" classes="1" methods="4" coveredmethods="0" conditionals="0" coveredconditionals="0" statements="14" coveredstatements="0" elements="18" coveredelements="0"/>
    </file>
    <file name="C:\wamp64\www\4th_year_project\app\Domain\Payment\Strategies\EPayPaymentStrategy.php">
      <class name="App\Domain\Payment\Strategies\EPayPaymentStrategy" namespace="global">
        <metrics complexity="7" methods="5" coveredmethods="0" conditionals="0" coveredconditionals="0" statements="12" coveredstatements="0" elements="17" coveredelements="0"/>
      </class>
      <line num="26" type="method" name="__construct" visibility="public" complexity="1" crap="2" count="0"/>
      <line num="28" type="stmt" count="0"/>
      <line num="29" type="method" name="processBookingPayment" visibility="public" complexity="2" crap="6" count="0"/>
      <line num="32" type="stmt" count="0"/>
      <line num="33" type="stmt" count="0"/>
      <line num="34" type="stmt" count="0"/>
      <line num="35" type="stmt" count="0"/>
      <line num="39" type="method" name="processRefund" visibility="public" complexity="2" crap="6" count="0"/>
      <line num="43" type="stmt" count="0"/>
      <line num="44" type="stmt" count="0"/>
      <line num="45" type="stmt" count="0"/>
      <line num="46" type="stmt" count="0"/>
      <line num="47" type="stmt" count="0"/>
      <line num="51" type="method" name="canProcess" visibility="public" complexity="1" crap="2" count="0"/>
      <line num="53" type="stmt" count="0"/>
      <line num="56" type="method" name="getPaymentMethod" visibility="public" complexity="1" crap="2" count="0"/>
      <line num="58" type="stmt" count="0"/>
      <metrics loc="61" ncloc="53" classes="1" methods="5" coveredmethods="0" conditionals="0" coveredconditionals="0" statements="12" coveredstatements="0" elements="17" coveredelements="0"/>
    </file>
    <file name="C:\wamp64\www\4th_year_project\app\Domain\Payment\Strategies\PaymentStrategy.php">
      <class name="App\Domain\Payment\Strategies\PaymentResult" namespace="global">
        <metrics complexity="3" methods="3" coveredmethods="0" conditionals="0" coveredconditionals="0" statements="3" coveredstatements="0" elements="6" coveredelements="0"/>
      </class>
      <class name="App\Domain\Payment\Strategies\RefundResult" namespace="global">
        <metrics complexity="3" methods="3" coveredmethods="0" conditionals="0" coveredconditionals="0" statements="3" coveredstatements="0" elements="6" coveredelements="0"/>
      </class>
      <line num="14" type="method" name="__construct" visibility="public" complexity="1" crap="2" count="0"/>
      <line num="19" type="stmt" count="0"/>
      <line num="21" type="method" name="success" visibility="public" complexity="1" crap="2" count="0"/>
      <line num="23" type="stmt" count="0"/>
      <line num="26" type="method" name="failure" visibility="public" complexity="1" crap="2" count="0"/>
      <line num="28" type="stmt" count="0"/>
      <line num="37" type="method" name="__construct" visibility="public" complexity="1" crap="2" count="0"/>
      <line num="41" type="stmt" count="0"/>
      <line num="43" type="method" name="success" visibility="public" complexity="1" crap="2" count="0"/>
      <line num="45" type="stmt" count="0"/>
      <line num="48" type="method" name="failure" visibility="public" complexity="1" crap="2" count="0"/>
      <line num="50" type="stmt" count="0"/>
      <metrics loc="85" ncloc="58" classes="2" methods="6" coveredmethods="0" conditionals="0" coveredconditionals="0" statements="6" coveredstatements="0" elements="12" coveredelements="0"/>
    </file>
    <file name="C:\wamp64\www\4th_year_project\app\Domain\Payment\Strategies\PaymentStrategyFactory.php">
      <class name="App\Domain\Payment\Strategies\PaymentStrategyFactory" namespace="global">
        <metrics complexity="7" methods="4" coveredmethods="0" conditionals="0" coveredconditionals="0" statements="15" coveredstatements="0" elements="19" coveredelements="0"/>
      </class>
      <line num="19" type="method" name="__construct" visibility="public" complexity="1" crap="2" count="0"/>
      <line num="22" type="stmt" count="0"/>
      <line num="23" type="stmt" count="0"/>
      <line num="24" type="stmt" count="0"/>
      <line num="25" type="stmt" count="0"/>
      <line num="34" type="method" name="make" visibility="public" complexity="4" crap="20" count="0"/>
      <line num="37" type="stmt" count="0"/>
      <line num="38" type="stmt" count="0"/>
      <line num="39" type="stmt" count="0"/>
      <line num="41" type="stmt" count="0"/>
      <line num="42" type="stmt" count="0"/>
      <line num="43" type="stmt" count="0"/>
      <line num="47" type="stmt" count="0"/>
      <line num="48" type="stmt" count="0"/>
      <line num="49" type="stmt" count="0"/>
      <line num="55" type="method" name="getAvailablePaymentMethods" visibility="public" complexity="1" crap="2" count="0"/>
      <line num="57" type="stmt" count="0"/>
      <line num="63" type="method" name="register" visibility="public" complexity="1" crap="2" count="0"/>
      <line num="65" type="stmt" count="0"/>
      <metrics loc="68" ncloc="47" classes="1" methods="4" coveredmethods="0" conditionals="0" coveredconditionals="0" statements="15" coveredstatements="0" elements="19" coveredelements="0"/>
    </file>
    <file name="C:\wamp64\www\4th_year_project\app\Domain\ValueObjects\Location.php">
      <class name="App\Domain\ValueObjects\Location" namespace="global">
        <metrics complexity="18" methods="11" coveredmethods="11" conditionals="0" coveredconditionals="0" statements="37" coveredstatements="37" elements="48" coveredelements="48"/>
      </class>
      <line num="16" type="method" name="__construct" visibility="private" complexity="1" crap="1" count="14"/>
      <line num="18" type="stmt" count="14"/>
      <line num="19" type="stmt" count="12"/>
      <line num="21" type="stmt" count="10"/>
      <line num="22" type="stmt" count="10"/>
      <line num="25" type="method" name="fromCoordinates" visibility="public" complexity="1" crap="1" count="13"/>
      <line num="27" type="stmt" count="13"/>
      <line num="30" type="method" name="fromArray" visibility="public" complexity="3" crap="3" count="2"/>
      <line num="32" type="stmt" count="2"/>
      <line num="33" type="stmt" count="1"/>
      <line num="36" type="stmt" count="1"/>
      <line num="39" type="method" name="latitude" visibility="public" complexity="1" crap="1" count="3"/>
      <line num="41" type="stmt" count="3"/>
      <line num="44" type="method" name="longitude" visibility="public" complexity="1" crap="1" count="2"/>
      <line num="46" type="stmt" count="2"/>
      <line num="52" type="method" name="distanceTo" visibility="public" complexity="1" crap="1" count="2"/>
      <line num="54" type="stmt" count="2"/>
      <line num="56" type="stmt" count="2"/>
      <line num="57" type="stmt" count="2"/>
      <line num="58" type="stmt" count="2"/>
      <line num="59" type="stmt" count="2"/>
      <line num="61" type="stmt" count="2"/>
      <line num="62" type="stmt" count="2"/>
      <line num="64" type="stmt" count="2"/>
      <line num="65" type="stmt" count="2"/>
      <line num="66" type="stmt" count="2"/>
      <line num="68" type="stmt" count="2"/>
      <line num="70" type="stmt" count="2"/>
      <line num="73" type="method" name="toArray" visibility="public" complexity="1" crap="1" count="1"/>
      <line num="75" type="stmt" count="1"/>
      <line num="76" type="stmt" count="1"/>
      <line num="77" type="stmt" count="1"/>
      <line num="78" type="stmt" count="1"/>
      <line num="81" type="method" name="toPointString" visibility="public" complexity="1" crap="1" count="1"/>
      <line num="83" type="stmt" count="1"/>
      <line num="86" type="method" name="equals" visibility="public" complexity="2" crap="2" count="2"/>
      <line num="88" type="stmt" count="2"/>
      <line num="89" type="stmt" count="2"/>
      <line num="92" type="method" name="validateLatitude" visibility="private" complexity="3" crap="3" count="14"/>
      <line num="94" type="stmt" count="14"/>
      <line num="95" type="stmt" count="2"/>
      <line num="96" type="stmt" count="2"/>
      <line num="97" type="stmt" count="2"/>
      <line num="101" type="method" name="validateLongitude" visibility="private" complexity="3" crap="3" count="12"/>
      <line num="103" type="stmt" count="12"/>
      <line num="104" type="stmt" count="2"/>
      <line num="105" type="stmt" count="2"/>
      <line num="106" type="stmt" count="2"/>
      <metrics loc="110" ncloc="102" classes="1" methods="11" coveredmethods="11" conditionals="0" coveredconditionals="0" statements="37" coveredstatements="37" elements="48" coveredelements="48"/>
    </file>
    <file name="C:\wamp64\www\4th_year_project\app\Domain\ValueObjects\Money.php">
      <class name="App\Domain\ValueObjects\Money" namespace="global">
        <metrics complexity="31" methods="24" coveredmethods="16" conditionals="0" coveredconditionals="0" statements="58" coveredstatements="48" elements="82" coveredelements="64"/>
      </class>
      <line num="28" type="method" name="__construct" visibility="private" complexity="2" crap="2" count="25"/>
      <line num="30" type="stmt" count="25"/>
      <line num="31" type="stmt" count="1"/>
      <line num="34" type="stmt" count="24"/>
      <line num="35" type="stmt" count="24"/>
      <line num="41" type="method" name="from" visibility="public" complexity="1" crap="1" count="24"/>
      <line num="43" type="stmt" count="24"/>
      <line num="44" type="stmt" count="24"/>
      <line num="50" type="method" name="fromMinorUnits" visibility="public" complexity="1" crap="2" count="0"/>
      <line num="52" type="stmt" count="0"/>
      <line num="58" type="method" name="zero" visibility="public" complexity="1" crap="1" count="2"/>
      <line num="60" type="stmt" count="2"/>
      <line num="66" type="method" name="amount" visibility="public" complexity="1" crap="1" count="13"/>
      <line num="68" type="stmt" count="13"/>
      <line num="75" type="method" name="amountInMinorUnits" visibility="public" complexity="1" crap="2" count="0"/>
      <line num="77" type="stmt" count="0"/>
      <line num="83" type="method" name="currency" visibility="public" complexity="1" crap="1" count="1"/>
      <line num="85" type="stmt" count="1"/>
      <line num="91" type="method" name="add" visibility="public" complexity="1" crap="1" count="2"/>
      <line num="93" type="stmt" count="2"/>
      <line num="94" type="stmt" count="2"/>
      <line num="95" type="stmt" count="2"/>
      <line num="96" type="stmt" count="2"/>
      <line num="97" type="stmt" count="2"/>
      <line num="103" type="method" name="subtract" visibility="public" complexity="2" crap="2" count="3"/>
      <line num="105" type="stmt" count="3"/>
      <line num="106" type="stmt" count="3"/>
      <line num="108" type="stmt" count="3"/>
      <line num="109" type="stmt" count="1"/>
      <line num="112" type="stmt" count="2"/>
      <line num="118" type="method" name="multiply" visibility="public" complexity="2" crap="2.06" count="2"/>
      <line num="120" type="stmt" count="2"/>
      <line num="121" type="stmt" count="0"/>
      <line num="124" type="stmt" count="2"/>
      <line num="125" type="stmt" count="2"/>
      <line num="131" type="method" name="divide" visibility="public" complexity="2" crap="2" count="2"/>
      <line num="133" type="stmt" count="2"/>
      <line num="134" type="stmt" count="1"/>
      <line num="137" type="stmt" count="1"/>
      <line num="138" type="stmt" count="1"/>
      <line num="144" type="method" name="percentage" visibility="public" complexity="2" crap="2.06" count="6"/>
      <line num="146" type="stmt" count="6"/>
      <line num="147" type="stmt" count="0"/>
      <line num="150" type="stmt" count="6"/>
      <line num="151" type="stmt" count="6"/>
      <line num="157" type="method" name="isGreaterThan" visibility="public" complexity="1" crap="1" count="2"/>
      <line num="159" type="stmt" count="2"/>
      <line num="160" type="stmt" count="1"/>
      <line num="166" type="method" name="isLessThan" visibility="public" complexity="1" crap="1" count="1"/>
      <line num="168" type="stmt" count="1"/>
      <line num="169" type="stmt" count="1"/>
      <line num="175" type="method" name="isGreaterThanOrEqual" visibility="public" complexity="1" crap="2" count="0"/>
      <line num="177" type="stmt" count="0"/>
      <line num="178" type="stmt" count="0"/>
      <line num="184" type="method" name="isLessThanOrEqual" visibility="public" complexity="1" crap="2" count="0"/>
      <line num="186" type="stmt" count="0"/>
      <line num="187" type="stmt" count="0"/>
      <line num="193" type="method" name="equals" visibility="public" complexity="2" crap="2" count="1"/>
      <line num="195" type="stmt" count="1"/>
      <line num="196" type="stmt" count="1"/>
      <line num="202" type="method" name="isZero" visibility="public" complexity="1" crap="1" count="4"/>
      <line num="204" type="stmt" count="4"/>
      <line num="210" type="method" name="isPositive" visibility="public" complexity="1" crap="1" count="1"/>
      <line num="212" type="stmt" count="1"/>
      <line num="218" type="method" name="formatted" visibility="public" complexity="1" crap="1" count="2"/>
      <line num="220" type="stmt" count="2"/>
      <line num="226" type="method" name="formattedWithoutCurrency" visibility="public" complexity="1" crap="2" count="0"/>
      <line num="228" type="stmt" count="0"/>
      <line num="234" type="method" name="ensureSameCurrency" visibility="private" complexity="2" crap="2" count="8"/>
      <line num="236" type="stmt" count="8"/>
      <line num="237" type="stmt" count="1"/>
      <line num="238" type="stmt" count="1"/>
      <line num="239" type="stmt" count="1"/>
      <line num="246" type="method" name="toArray" visibility="public" complexity="1" crap="1" count="1"/>
      <line num="248" type="stmt" count="1"/>
      <line num="249" type="stmt" count="1"/>
      <line num="250" type="stmt" count="1"/>
      <line num="251" type="stmt" count="1"/>
      <line num="252" type="stmt" count="1"/>
      <line num="253" type="stmt" count="1"/>
      <line num="259" type="method" name="__toString" visibility="public" complexity="1" crap="2" count="0"/>
      <line num="261" type="stmt" count="0"/>
      <metrics loc="264" ncloc="178" classes="1" methods="24" coveredmethods="16" conditionals="0" coveredconditionals="0" statements="58" coveredstatements="48" elements="82" coveredelements="64"/>
    </file>
    <file name="C:\wamp64\www\4th_year_project\app\Domain\ValueObjects\PhoneNumber.php">
      <class name="App\Domain\ValueObjects\PhoneNumber" namespace="global">
        <metrics complexity="17" methods="10" coveredmethods="7" conditionals="0" coveredconditionals="0" statements="27" coveredstatements="19" elements="37" coveredelements="26"/>
      </class>
      <line num="15" type="method" name="__construct" visibility="private" complexity="1" crap="1" count="33"/>
      <line num="17" type="stmt" count="33"/>
      <line num="18" type="stmt" count="29"/>
      <line num="21" type="method" name="from" visibility="public" complexity="1" crap="1" count="33"/>
      <line num="23" type="stmt" count="33"/>
      <line num="26" type="method" name="number" visibility="public" complexity="1" crap="1" count="5"/>
      <line num="28" type="stmt" count="5"/>
      <line num="31" type="method" name="formatted" visibility="public" complexity="1" crap="2" count="0"/>
      <line num="34" type="stmt" count="0"/>
      <line num="35" type="stmt" count="0"/>
      <line num="36" type="stmt" count="0"/>
      <line num="37" type="stmt" count="0"/>
      <line num="40" type="method" name="forCallMeBot" visibility="public" complexity="1" crap="1" count="1"/>
      <line num="43" type="stmt" count="1"/>
      <line num="46" type="method" name="forTextMeBot" visibility="public" complexity="1" crap="1" count="1"/>
      <line num="49" type="stmt" count="1"/>
      <line num="52" type="method" name="equals" visibility="public" complexity="1" crap="1" count="2"/>
      <line num="54" type="stmt" count="2"/>
      <line num="57" type="method" name="normalize" visibility="private" complexity="7" crap="7.04" count="33"/>
      <line num="60" type="stmt" count="33"/>
      <line num="63" type="stmt" count="33"/>
      <line num="66" type="stmt" count="33"/>
      <line num="67" type="stmt" count="2"/>
      <line num="70" type="stmt" count="32"/>
      <line num="71" type="stmt" count="1"/>
      <line num="74" type="stmt" count="31"/>
      <line num="75" type="stmt" count="27"/>
      <line num="78" type="stmt" count="4"/>
      <line num="79" type="stmt" count="0"/>
      <line num="82" type="stmt" count="4"/>
      <line num="85" type="method" name="validate" visibility="private" complexity="2" crap="3.69" count="29"/>
      <line num="88" type="stmt" count="29"/>
      <line num="89" type="stmt" count="0"/>
      <line num="90" type="stmt" count="0"/>
      <line num="91" type="stmt" count="0"/>
      <line num="95" type="method" name="__toString" visibility="public" complexity="1" crap="1" count="18"/>
      <line num="97" type="stmt" count="18"/>
      <metrics loc="100" ncloc="88" classes="1" methods="10" coveredmethods="7" conditionals="0" coveredconditionals="0" statements="27" coveredstatements="19" elements="37" coveredelements="26"/>
    </file>
    <file name="C:\wamp64\www\4th_year_project\app\Enums\BookingStatus.php">
      <class name="App\Enums\BookingStatus" namespace="global">
        <metrics complexity="5" methods="5" coveredmethods="4" conditionals="0" coveredconditionals="0" statements="18" coveredstatements="12" elements="23" coveredelements="16"/>
      </class>
      <line num="20" type="method" name="label" visibility="public" complexity="1" crap="1" count="1"/>
      <line num="22" type="stmt" count="1"/>
      <line num="23" type="stmt" count="1"/>
      <line num="24" type="stmt" count="1"/>
      <line num="25" type="stmt" count="1"/>
      <line num="26" type="stmt" count="1"/>
      <line num="27" type="stmt" count="1"/>
      <line num="33" type="method" name="isActive" visibility="public" complexity="1" crap="1" count="4"/>
      <line num="35" type="stmt" count="4"/>
      <line num="41" type="method" name="canBeCancelled" visibility="public" complexity="1" crap="1" count="4"/>
      <line num="43" type="stmt" count="4"/>
      <line num="49" type="method" name="color" visibility="public" complexity="1" crap="2" count="0"/>
      <line num="51" type="stmt" count="0"/>
      <line num="52" type="stmt" count="0"/>
      <line num="53" type="stmt" count="0"/>
      <line num="54" type="stmt" count="0"/>
      <line num="55" type="stmt" count="0"/>
      <line num="56" type="stmt" count="0"/>
      <line num="62" type="method" name="activeStatuses" visibility="public" complexity="1" crap="1" count="5"/>
      <line num="64" type="stmt" count="5"/>
      <line num="65" type="stmt" count="5"/>
      <line num="66" type="stmt" count="5"/>
      <line num="67" type="stmt" count="5"/>
      <metrics loc="70" ncloc="50" classes="1" methods="5" coveredmethods="4" conditionals="0" coveredconditionals="0" statements="18" coveredstatements="12" elements="23" coveredelements="16"/>
    </file>
    <file name="C:\wamp64\www\4th_year_project\app\Enums\BookingType.php">
      <class name="App\Enums\BookingType" namespace="global">
        <metrics complexity="4" methods="4" coveredmethods="3" conditionals="0" coveredconditionals="0" statements="10" coveredstatements="6" elements="14" coveredelements="9"/>
      </class>
      <line num="20" type="method" name="label" visibility="public" complexity="1" crap="2" count="0"/>
      <line num="22" type="stmt" count="0"/>
      <line num="23" type="stmt" count="0"/>
      <line num="24" type="stmt" count="0"/>
      <line num="25" type="stmt" count="0"/>
      <line num="31" type="method" name="requiresApproval" visibility="public" complexity="1" crap="1" count="2"/>
      <line num="33" type="stmt" count="2"/>
      <line num="39" type="method" name="processPaymentImmediately" visibility="public" complexity="1" crap="1" count="2"/>
      <line num="41" type="stmt" count="2"/>
      <line num="47" type="method" name="initialBookingStatus" visibility="public" complexity="1" crap="1" count="6"/>
      <line num="49" type="stmt" count="6"/>
      <line num="50" type="stmt" count="6"/>
      <line num="51" type="stmt" count="6"/>
      <line num="52" type="stmt" count="6"/>
      <metrics loc="55" ncloc="36" classes="1" methods="4" coveredmethods="3" conditionals="0" coveredconditionals="0" statements="10" coveredstatements="6" elements="14" coveredelements="9"/>
    </file>
    <file name="C:\wamp64\www\4th_year_project\app\Enums\PaymentMethod.php">
      <class name="App\Enums\PaymentMethod" namespace="global">
        <metrics complexity="4" methods="4" coveredmethods="4" conditionals="0" coveredconditionals="0" statements="10" coveredstatements="10" elements="14" coveredelements="14"/>
      </class>
      <line num="16" type="method" name="label" visibility="public" complexity="1" crap="1" count="1"/>
      <line num="18" type="stmt" count="1"/>
      <line num="19" type="stmt" count="1"/>
      <line num="20" type="stmt" count="1"/>
      <line num="21" type="stmt" count="1"/>
      <line num="27" type="method" name="requiresWallet" visibility="public" complexity="1" crap="1" count="2"/>
      <line num="29" type="stmt" count="2"/>
      <line num="35" type="method" name="isImmediate" visibility="public" complexity="1" crap="1" count="2"/>
      <line num="37" type="stmt" count="2"/>
      <line num="43" type="method" name="available" visibility="public" complexity="1" crap="1" count="1"/>
      <line num="45" type="stmt" count="1"/>
      <line num="46" type="stmt" count="1"/>
      <line num="47" type="stmt" count="1"/>
      <line num="48" type="stmt" count="1"/>
      <metrics loc="51" ncloc="36" classes="1" methods="4" coveredmethods="4" conditionals="0" coveredconditionals="0" statements="10" coveredstatements="10" elements="14" coveredelements="14"/>
    </file>
    <file name="C:\wamp64\www\4th_year_project\app\Enums\RideStatus.php">
      <class name="App\Enums\RideStatus" namespace="global">
        <metrics complexity="5" methods="5" coveredmethods="4" conditionals="0" coveredconditionals="0" statements="20" coveredstatements="13" elements="25" coveredelements="17"/>
      </class>
      <line num="22" type="method" name="label" visibility="public" complexity="1" crap="1" count="1"/>
      <line num="24" type="stmt" count="1"/>
      <line num="25" type="stmt" count="1"/>
      <line num="26" type="stmt" count="1"/>
      <line num="27" type="stmt" count="1"/>
      <line num="28" type="stmt" count="1"/>
      <line num="29" type="stmt" count="1"/>
      <line num="30" type="stmt" count="1"/>
      <line num="36" type="method" name="canBeBooked" visibility="public" complexity="1" crap="1" count="9"/>
      <line num="38" type="stmt" count="9"/>
      <line num="44" type="method" name="isTerminal" visibility="public" complexity="1" crap="1" count="5"/>
      <line num="46" type="stmt" count="5"/>
      <line num="52" type="method" name="bookableStatuses" visibility="public" complexity="1" crap="1" count="1"/>
      <line num="54" type="stmt" count="1"/>
      <line num="55" type="stmt" count="1"/>
      <line num="56" type="stmt" count="1"/>
      <line num="57" type="stmt" count="1"/>
      <line num="63" type="method" name="color" visibility="public" complexity="1" crap="2" count="0"/>
      <line num="65" type="stmt" count="0"/>
      <line num="66" type="stmt" count="0"/>
      <line num="67" type="stmt" count="0"/>
      <line num="68" type="stmt" count="0"/>
      <line num="69" type="stmt" count="0"/>
      <line num="70" type="stmt" count="0"/>
      <line num="71" type="stmt" count="0"/>
      <metrics loc="74" ncloc="53" classes="1" methods="5" coveredmethods="4" conditionals="0" coveredconditionals="0" statements="20" coveredstatements="13" elements="25" coveredelements="17"/>
    </file>
    <file name="C:\wamp64\www\4th_year_project\app\Events\ConversationCreated.php">
      <class name="App\Events\ConversationCreated" namespace="global">
        <metrics complexity="2" methods="2" coveredmethods="0" conditionals="0" coveredconditionals="0" statements="4" coveredstatements="0" elements="6" coveredelements="0"/>
      </class>
      <line num="20" type="method" name="__construct" visibility="public" complexity="1" crap="2" count="0"/>
      <line num="23" type="stmt" count="0"/>
      <line num="30" type="method" name="broadcastOn" visibility="public" complexity="1" crap="2" count="0"/>
      <line num="32" type="stmt" count="0"/>
      <line num="33" type="stmt" count="0"/>
      <line num="34" type="stmt" count="0"/>
      <metrics loc="37" ncloc="28" classes="1" methods="2" coveredmethods="0" conditionals="0" coveredconditionals="0" statements="4" coveredstatements="0" elements="6" coveredelements="0"/>
    </file>
    <file name="C:\wamp64\www\4th_year_project\app\Events\MessageReceived.php">
      <class name="App\Events\MessageReceived" namespace="global">
        <metrics complexity="2" methods="2" coveredmethods="0" conditionals="0" coveredconditionals="0" statements="4" coveredstatements="0" elements="6" coveredelements="0"/>
      </class>
      <line num="20" type="method" name="__construct" visibility="public" complexity="1" crap="2" count="0"/>
      <line num="23" type="stmt" count="0"/>
      <line num="30" type="method" name="broadcastOn" visibility="public" complexity="1" crap="2" count="0"/>
      <line num="32" type="stmt" count="0"/>
      <line num="33" type="stmt" count="0"/>
      <line num="34" type="stmt" count="0"/>
      <metrics loc="37" ncloc="28" classes="1" methods="2" coveredmethods="0" conditionals="0" coveredconditionals="0" statements="4" coveredstatements="0" elements="6" coveredelements="0"/>
    </file>
    <file name="C:\wamp64\www\4th_year_project\app\Events\MessageSent.php">
      <class name="App\Events\MessageSent" namespace="global">
        <metrics complexity="3" methods="3" coveredmethods="3" conditionals="0" coveredconditionals="0" statements="18" coveredstatements="18" elements="21" coveredelements="21"/>
      </class>
      <line num="19" type="method" name="__construct" visibility="public" complexity="1" crap="1" count="1"/>
      <line num="21" type="stmt" count="1"/>
      <line num="24" type="method" name="broadcastOn" visibility="public" complexity="1" crap="1" count="1"/>
      <line num="26" type="stmt" count="1"/>
      <line num="27" type="stmt" count="1"/>
      <line num="28" type="stmt" count="1"/>
      <line num="31" type="method" name="broadcastWith" visibility="public" complexity="1" crap="1" count="1"/>
      <line num="33" type="stmt" count="1"/>
      <line num="34" type="stmt" count="1"/>
      <line num="35" type="stmt" count="1"/>
      <line num="36" type="stmt" count="1"/>
      <line num="37" type="stmt" count="1"/>
      <line num="38" type="stmt" count="1"/>
      <line num="39" type="stmt" count="1"/>
      <line num="40" type="stmt" count="1"/>
      <line num="41" type="stmt" count="1"/>
      <line num="42" type="stmt" count="1"/>
      <line num="43" type="stmt" count="1"/>
      <line num="44" type="stmt" count="1"/>
      <line num="45" type="stmt" count="1"/>
      <line num="46" type="stmt" count="1"/>
      <metrics loc="49" ncloc="49" classes="1" methods="3" coveredmethods="3" conditionals="0" coveredconditionals="0" statements="18" coveredstatements="18" elements="21" coveredelements="21"/>
    </file>
    <file name="C:\wamp64\www\4th_year_project\app\Events\NotificationSent.php">
      <class name="App\Events\NotificationSent" namespace="global">
        <metrics complexity="4" methods="4" coveredmethods="4" conditionals="0" coveredconditionals="0" statements="16" coveredstatements="16" elements="20" coveredelements="20"/>
      </class>
      <line num="21" type="method" name="__construct" visibility="public" complexity="1" crap="1" count="6"/>
      <line num="23" type="stmt" count="6"/>
      <line num="24" type="stmt" count="6"/>
      <line num="27" type="method" name="broadcastOn" visibility="public" complexity="1" crap="1" count="6"/>
      <line num="29" type="stmt" count="6"/>
      <line num="30" type="stmt" count="6"/>
      <line num="31" type="stmt" count="6"/>
      <line num="34" type="method" name="broadcastAs" visibility="public" complexity="1" crap="1" count="6"/>
      <line num="36" type="stmt" count="6"/>
      <line num="39" type="method" name="broadcastWith" visibility="public" complexity="1" crap="1" count="6"/>
      <line num="41" type="stmt" count="6"/>
      <line num="42" type="stmt" count="6"/>
      <line num="43" type="stmt" count="6"/>
      <line num="44" type="stmt" count="6"/>
      <line num="45" type="stmt" count="6"/>
      <line num="46" type="stmt" count="6"/>
      <line num="47" type="stmt" count="6"/>
      <line num="48" type="stmt" count="6"/>
      <line num="49" type="stmt" count="6"/>
      <line num="50" type="stmt" count="6"/>
      <metrics loc="53" ncloc="53" classes="1" methods="4" coveredmethods="4" conditionals="0" coveredconditionals="0" statements="16" coveredstatements="16" elements="20" coveredelements="20"/>
    </file>
    <file name="C:\wamp64\www\4th_year_project\app\Events\OtpSent.php">
      <class name="App\Events\OtpSent" namespace="global">
        <metrics complexity="2" methods="2" coveredmethods="0" conditionals="0" coveredconditionals="0" statements="4" coveredstatements="0" elements="6" coveredelements="0"/>
      </class>
      <line num="20" type="method" name="__construct" visibility="public" complexity="1" crap="2" count="0"/>
      <line num="23" type="stmt" count="0"/>
      <line num="30" type="method" name="broadcastOn" visibility="public" complexity="1" crap="2" count="0"/>
      <line num="32" type="stmt" count="0"/>
      <line num="33" type="stmt" count="0"/>
      <line num="34" type="stmt" count="0"/>
      <metrics loc="37" ncloc="28" classes="1" methods="2" coveredmethods="0" conditionals="0" coveredconditionals="0" statements="4" coveredstatements="0" elements="6" coveredelements="0"/>
    </file>
    <file name="C:\wamp64\www\4th_year_project\app\Events\RideBooked.php">
      <class name="App\Events\RideBooked" namespace="global">
        <metrics complexity="4" methods="4" coveredmethods="4" conditionals="0" coveredconditionals="0" statements="25" coveredstatements="25" elements="29" coveredelements="29"/>
      </class>
      <line num="23" type="method" name="__construct" visibility="public" complexity="1" crap="1" count="4"/>
      <line num="27" type="stmt" count="4"/>
      <line num="32" type="method" name="broadcastOn" visibility="public" complexity="1" crap="1" count="4"/>
      <line num="34" type="stmt" count="4"/>
      <line num="35" type="stmt" count="4"/>
      <line num="36" type="stmt" count="4"/>
      <line num="37" type="stmt" count="4"/>
      <line num="43" type="method" name="broadcastAs" visibility="public" complexity="1" crap="1" count="4"/>
      <line num="45" type="stmt" count="4"/>
      <line num="53" type="method" name="broadcastWith" visibility="public" complexity="1" crap="1" count="4"/>
      <line num="55" type="stmt" count="4"/>
      <line num="56" type="stmt" count="4"/>
      <line num="57" type="stmt" count="4"/>
      <line num="58" type="stmt" count="4"/>
      <line num="59" type="stmt" count="4"/>
      <line num="60" type="stmt" count="4"/>
      <line num="61" type="stmt" count="4"/>
      <line num="62" type="stmt" count="4"/>
      <line num="63" type="stmt" count="4"/>
      <line num="64" type="stmt" count="4"/>
      <line num="65" type="stmt" count="4"/>
      <line num="66" type="stmt" count="4"/>
      <line num="67" type="stmt" count="4"/>
      <line num="68" type="stmt" count="4"/>
      <line num="69" type="stmt" count="4"/>
      <line num="70" type="stmt" count="4"/>
      <line num="71" type="stmt" count="4"/>
      <line num="72" type="stmt" count="4"/>
      <line num="73" type="stmt" count="4"/>
      <metrics loc="76" ncloc="60" classes="1" methods="4" coveredmethods="4" conditionals="0" coveredconditionals="0" statements="25" coveredstatements="25" elements="29" coveredelements="29"/>
    </file>
    <file name="C:\wamp64\www\4th_year_project\app\Events\RideCancelled.php">
      <class name="App\Events\RideCancelled" namespace="global">
        <metrics complexity="5" methods="4" coveredmethods="0" conditionals="0" coveredconditionals="0" statements="23" coveredstatements="0" elements="27" coveredelements="0"/>
      </class>
      <line num="23" type="method" name="__construct" visibility="public" complexity="1" crap="2" count="0"/>
      <line num="27" type="stmt" count="0"/>
      <line num="32" type="method" name="broadcastOn" visibility="public" complexity="2" crap="6" count="0"/>
      <line num="34" type="stmt" count="0"/>
      <line num="35" type="stmt" count="0"/>
      <line num="36" type="stmt" count="0"/>
      <line num="37" type="stmt" count="0"/>
      <line num="40" type="stmt" count="0"/>
      <line num="41" type="stmt" count="0"/>
      <line num="44" type="stmt" count="0"/>
      <line num="50" type="method" name="broadcastAs" visibility="public" complexity="1" crap="2" count="0"/>
      <line num="52" type="stmt" count="0"/>
      <line num="58" type="method" name="broadcastWith" visibility="public" complexity="1" crap="2" count="0"/>
      <line num="60" type="stmt" count="0"/>
      <line num="61" type="stmt" count="0"/>
      <line num="62" type="stmt" count="0"/>
      <line num="63" type="stmt" count="0"/>
      <line num="64" type="stmt" count="0"/>
      <line num="65" type="stmt" count="0"/>
      <line num="66" type="stmt" count="0"/>
      <line num="67" type="stmt" count="0"/>
      <line num="68" type="stmt" count="0"/>
      <line num="69" type="stmt" count="0"/>
      <line num="70" type="stmt" count="0"/>
      <line num="71" type="stmt" count="0"/>
      <line num="72" type="stmt" count="0"/>
      <line num="73" type="stmt" count="0"/>
      <metrics loc="76" ncloc="61" classes="1" methods="4" coveredmethods="0" conditionals="0" coveredconditionals="0" statements="23" coveredstatements="0" elements="27" coveredelements="0"/>
    </file>
    <file name="C:\wamp64\www\4th_year_project\app\Events\RideCreated.php">
      <class name="App\Events\RideCreated" namespace="global">
        <metrics complexity="4" methods="4" coveredmethods="0" conditionals="0" coveredconditionals="0" statements="18" coveredstatements="0" elements="22" coveredelements="0"/>
      </class>
      <line num="18" type="method" name="__construct" visibility="public" complexity="1" crap="2" count="0"/>
      <line num="20" type="stmt" count="0"/>
      <line num="23" type="method" name="broadcastOn" visibility="public" complexity="1" crap="2" count="0"/>
      <line num="25" type="stmt" count="0"/>
      <line num="26" type="stmt" count="0"/>
      <line num="27" type="stmt" count="0"/>
      <line num="28" type="stmt" count="0"/>
      <line num="31" type="method" name="broadcastAs" visibility="public" complexity="1" crap="2" count="0"/>
      <line num="33" type="stmt" count="0"/>
      <line num="36" type="method" name="broadcastWith" visibility="public" complexity="1" crap="2" count="0"/>
      <line num="38" type="stmt" count="0"/>
      <line num="39" type="stmt" count="0"/>
      <line num="40" type="stmt" count="0"/>
      <line num="41" type="stmt" count="0"/>
      <line num="42" type="stmt" count="0"/>
      <line num="43" type="stmt" count="0"/>
      <line num="44" type="stmt" count="0"/>
      <line num="45" type="stmt" count="0"/>
      <line num="46" type="stmt" count="0"/>
      <line num="47" type="stmt" count="0"/>
      <line num="48" type="stmt" count="0"/>
      <line num="49" type="stmt" count="0"/>
      <metrics loc="52" ncloc="52" classes="1" methods="4" coveredmethods="0" conditionals="0" coveredconditionals="0" statements="18" coveredstatements="0" elements="22" coveredelements="0"/>
    </file>
    <file name="C:\wamp64\www\4th_year_project\app\Events\UserVerified.php">
      <class name="App\Events\UserVerified" namespace="global">
        <metrics complexity="5" methods="5" coveredmethods="0" conditionals="0" coveredconditionals="0" statements="18" coveredstatements="0" elements="23" coveredelements="0"/>
      </class>
      <line num="23" type="method" name="__construct" visibility="public" complexity="1" crap="2" count="0"/>
      <line num="26" type="stmt" count="0"/>
      <line num="31" type="method" name="broadcastOn" visibility="public" complexity="1" crap="2" count="0"/>
      <line num="33" type="stmt" count="0"/>
      <line num="34" type="stmt" count="0"/>
      <line num="35" type="stmt" count="0"/>
      <line num="41" type="method" name="broadcastAs" visibility="public" complexity="1" crap="2" count="0"/>
      <line num="43" type="stmt" count="0"/>
      <line num="49" type="method" name="broadcastWith" visibility="public" complexity="1" crap="2" count="0"/>
      <line num="51" type="stmt" count="0"/>
      <line num="52" type="stmt" count="0"/>
      <line num="53" type="stmt" count="0"/>
      <line num="54" type="stmt" count="0"/>
      <line num="55" type="stmt" count="0"/>
      <line num="56" type="stmt" count="0"/>
      <line num="57" type="stmt" count="0"/>
      <line num="58" type="stmt" count="0"/>
      <line num="64" type="method" name="getVerificationMessage" visibility="private" complexity="1" crap="2" count="0"/>
      <line num="66" type="stmt" count="0"/>
      <line num="67" type="stmt" count="0"/>
      <line num="68" type="stmt" count="0"/>
      <line num="69" type="stmt" count="0"/>
      <line num="70" type="stmt" count="0"/>
      <metrics loc="73" ncloc="54" classes="1" methods="5" coveredmethods="0" conditionals="0" coveredconditionals="0" statements="18" coveredstatements="0" elements="23" coveredelements="0"/>
    </file>
    <file name="C:\wamp64\www\4th_year_project\app\Exceptions\Handler.php">
      <class name="App\Exceptions\Handler" namespace="global">
        <metrics complexity="1" methods="1" coveredmethods="1" conditionals="0" coveredconditionals="0" statements="2" coveredstatements="2" elements="3" coveredelements="3"/>
      </class>
      <line num="24" type="method" name="register" visibility="public" complexity="1" crap="1" count="111"/>
      <line num="26" type="stmt" count="111"/>
      <line num="28" type="stmt" count="111"/>
      <metrics loc="31" ncloc="22" classes="1" methods="1" coveredmethods="1" conditionals="0" coveredconditionals="0" statements="2" coveredstatements="2" elements="3" coveredelements="3"/>
    </file>
    <file name="C:\wamp64\www\4th_year_project\app\Http\Controllers\API\AdminDashboardController.php">
      <class name="App\Http\Controllers\API\AdminDashboardController" namespace="global">
        <metrics complexity="41" methods="15" coveredmethods="0" conditionals="0" coveredconditionals="0" statements="239" coveredstatements="0" elements="254" coveredelements="0"/>
      </class>
      <line num="18" type="method" name="__construct" visibility="public" complexity="1" crap="2" count="0"/>
      <line num="22" type="stmt" count="0"/>
      <line num="32" type="method" name="login" visibility="public" complexity="3" crap="12" count="0"/>
      <line num="34" type="stmt" count="0"/>
      <line num="35" type="stmt" count="0"/>
      <line num="36" type="stmt" count="0"/>
      <line num="37" type="stmt" count="0"/>
      <line num="39" type="stmt" count="0"/>
      <line num="40" type="stmt" count="0"/>
      <line num="41" type="stmt" count="0"/>
      <line num="42" type="stmt" count="0"/>
      <line num="43" type="stmt" count="0"/>
      <line num="44" type="stmt" count="0"/>
      <line num="47" type="stmt" count="0"/>
      <line num="48" type="stmt" count="0"/>
      <line num="49" type="stmt" count="0"/>
      <line num="50" type="stmt" count="0"/>
      <line num="52" type="stmt" count="0"/>
      <line num="53" type="stmt" count="0"/>
      <line num="54" type="stmt" count="0"/>
      <line num="55" type="stmt" count="0"/>
      <line num="56" type="stmt" count="0"/>
      <line num="57" type="stmt" count="0"/>
      <line num="61" type="stmt" count="0"/>
      <line num="63" type="stmt" count="0"/>
      <line num="64" type="stmt" count="0"/>
      <line num="65" type="stmt" count="0"/>
      <line num="66" type="stmt" count="0"/>
      <line num="67" type="stmt" count="0"/>
      <line num="74" type="method" name="logout" visibility="public" complexity="1" crap="2" count="0"/>
      <line num="76" type="stmt" count="0"/>
      <line num="78" type="stmt" count="0"/>
      <line num="79" type="stmt" count="0"/>
      <line num="80" type="stmt" count="0"/>
      <line num="81" type="stmt" count="0"/>
      <line num="88" type="method" name="getAdminInfo" visibility="public" complexity="2" crap="6" count="0"/>
      <line num="90" type="stmt" count="0"/>
      <line num="91" type="stmt" count="0"/>
      <line num="92" type="stmt" count="0"/>
      <line num="93" type="stmt" count="0"/>
      <line num="94" type="stmt" count="0"/>
      <line num="95" type="stmt" count="0"/>
      <line num="98" type="stmt" count="0"/>
      <line num="100" type="stmt" count="0"/>
      <line num="101" type="stmt" count="0"/>
      <line num="102" type="stmt" count="0"/>
      <line num="103" type="stmt" count="0"/>
      <line num="114" type="method" name="getAdminWallet" visibility="public" complexity="2" crap="6" count="0"/>
      <line num="116" type="stmt" count="0"/>
      <line num="117" type="stmt" count="0"/>
      <line num="120" type="stmt" count="0"/>
      <line num="121" type="stmt" count="0"/>
      <line num="123" type="stmt" count="0"/>
      <line num="124" type="stmt" count="0"/>
      <line num="125" type="stmt" count="0"/>
      <line num="126" type="stmt" count="0"/>
      <line num="127" type="stmt" count="0"/>
      <line num="128" type="stmt" count="0"/>
      <line num="129" type="stmt" count="0"/>
      <line num="130" type="stmt" count="0"/>
      <line num="131" type="stmt" count="0"/>
      <line num="132" type="stmt" count="0"/>
      <line num="139" type="method" name="getAdminWallets" visibility="public" complexity="2" crap="6" count="0"/>
      <line num="141" type="stmt" count="0"/>
      <line num="142" type="stmt" count="0"/>
      <line num="145" type="stmt" count="0"/>
      <line num="147" type="stmt" count="0"/>
      <line num="148" type="stmt" count="0"/>
      <line num="149" type="stmt" count="0"/>
      <line num="150" type="stmt" count="0"/>
      <line num="157" type="method" name="chargeWallet" visibility="public" complexity="4" crap="20" count="0"/>
      <line num="159" type="stmt" count="0"/>
      <line num="160" type="stmt" count="0"/>
      <line num="161" type="stmt" count="0"/>
      <line num="162" type="stmt" count="0"/>
      <line num="163" type="stmt" count="0"/>
      <line num="166" type="stmt" count="0"/>
      <line num="167" type="stmt" count="0"/>
      <line num="168" type="stmt" count="0"/>
      <line num="169" type="stmt" count="0"/>
      <line num="171" type="stmt" count="0"/>
      <line num="172" type="stmt" count="0"/>
      <line num="173" type="stmt" count="0"/>
      <line num="174" type="stmt" count="0"/>
      <line num="175" type="stmt" count="0"/>
      <line num="176" type="stmt" count="0"/>
      <line num="180" type="stmt" count="0"/>
      <line num="181" type="stmt" count="0"/>
      <line num="183" type="stmt" count="0"/>
      <line num="184" type="stmt" count="0"/>
      <line num="185" type="stmt" count="0"/>
      <line num="186" type="stmt" count="0"/>
      <line num="187" type="stmt" count="0"/>
      <line num="189" type="stmt" count="0"/>
      <line num="190" type="stmt" count="0"/>
      <line num="191" type="stmt" count="0"/>
      <line num="192" type="stmt" count="0"/>
      <line num="193" type="stmt" count="0"/>
      <line num="194" type="stmt" count="0"/>
      <line num="195" type="stmt" count="0"/>
      <line num="196" type="stmt" count="0"/>
      <line num="197" type="stmt" count="0"/>
      <line num="198" type="stmt" count="0"/>
      <line num="199" type="stmt" count="0"/>
      <line num="200" type="stmt" count="0"/>
      <line num="201" type="stmt" count="0"/>
      <line num="202" type="stmt" count="0"/>
      <line num="203" type="stmt" count="0"/>
      <line num="205" type="stmt" count="0"/>
      <line num="206" type="stmt" count="0"/>
      <line num="207" type="stmt" count="0"/>
      <line num="208" type="stmt" count="0"/>
      <line num="209" type="stmt" count="0"/>
      <line num="217" type="method" name="showWalletTransactions" visibility="public" complexity="3" crap="12" count="0"/>
      <line num="219" type="stmt" count="0"/>
      <line num="220" type="stmt" count="0"/>
      <line num="224" type="stmt" count="0"/>
      <line num="226" type="stmt" count="0"/>
      <line num="227" type="stmt" count="0"/>
      <line num="228" type="stmt" count="0"/>
      <line num="229" type="stmt" count="0"/>
      <line num="230" type="stmt" count="0"/>
      <line num="231" type="stmt" count="0"/>
      <line num="232" type="stmt" count="0"/>
      <line num="233" type="stmt" count="0"/>
      <line num="234" type="stmt" count="0"/>
      <line num="235" type="stmt" count="0"/>
      <line num="247" type="method" name="showReport" visibility="public" complexity="4" crap="20" count="0"/>
      <line num="249" type="stmt" count="0"/>
      <line num="250" type="stmt" count="0"/>
      <line num="251" type="stmt" count="0"/>
      <line num="252" type="stmt" count="0"/>
      <line num="253" type="stmt" count="0"/>
      <line num="256" type="stmt" count="0"/>
      <line num="257" type="stmt" count="0"/>
      <line num="258" type="stmt" count="0"/>
      <line num="259" type="stmt" count="0"/>
      <line num="261" type="stmt" count="0"/>
      <line num="262" type="stmt" count="0"/>
      <line num="263" type="stmt" count="0"/>
      <line num="264" type="stmt" count="0"/>
      <line num="265" type="stmt" count="0"/>
      <line num="266" type="stmt" count="0"/>
      <line num="270" type="stmt" count="0"/>
      <line num="271" type="stmt" count="0"/>
      <line num="272" type="stmt" count="0"/>
      <line num="273" type="stmt" count="0"/>
      <line num="275" type="stmt" count="0"/>
      <line num="276" type="stmt" count="0"/>
      <line num="277" type="stmt" count="0"/>
      <line num="278" type="stmt" count="0"/>
      <line num="279" type="stmt" count="0"/>
      <line num="280" type="stmt" count="0"/>
      <line num="281" type="stmt" count="0"/>
      <line num="282" type="stmt" count="0"/>
      <line num="284" type="stmt" count="0"/>
      <line num="285" type="stmt" count="0"/>
      <line num="286" type="stmt" count="0"/>
      <line num="287" type="stmt" count="0"/>
      <line num="288" type="stmt" count="0"/>
      <line num="296" type="method" name="showDashboard" visibility="public" complexity="3" crap="12" count="0"/>
      <line num="298" type="stmt" count="0"/>
      <line num="299" type="stmt" count="0"/>
      <line num="303" type="stmt" count="0"/>
      <line num="305" type="stmt" count="0"/>
      <line num="306" type="stmt" count="0"/>
      <line num="307" type="stmt" count="0"/>
      <line num="308" type="stmt" count="0"/>
      <line num="309" type="stmt" count="0"/>
      <line num="310" type="stmt" count="0"/>
      <line num="311" type="stmt" count="0"/>
      <line num="312" type="stmt" count="0"/>
      <line num="314" type="stmt" count="0"/>
      <line num="315" type="stmt" count="0"/>
      <line num="316" type="stmt" count="0"/>
      <line num="317" type="stmt" count="0"/>
      <line num="329" type="method" name="pendingVerifications" visibility="public" complexity="5" crap="30" count="0"/>
      <line num="331" type="stmt" count="0"/>
      <line num="332" type="stmt" count="0"/>
      <line num="335" type="stmt" count="0"/>
      <line num="336" type="stmt" count="0"/>
      <line num="337" type="stmt" count="0"/>
      <line num="338" type="stmt" count="0"/>
      <line num="339" type="stmt" count="0"/>
      <line num="340" type="stmt" count="0"/>
      <line num="341" type="stmt" count="0"/>
      <line num="342" type="stmt" count="0"/>
      <line num="344" type="stmt" count="0"/>
      <line num="345" type="stmt" count="0"/>
      <line num="346" type="stmt" count="0"/>
      <line num="347" type="stmt" count="0"/>
      <line num="348" type="stmt" count="0"/>
      <line num="349" type="stmt" count="0"/>
      <line num="350" type="stmt" count="0"/>
      <line num="351" type="stmt" count="0"/>
      <line num="352" type="stmt" count="0"/>
      <line num="353" type="stmt" count="0"/>
      <line num="354" type="stmt" count="0"/>
      <line num="355" type="stmt" count="0"/>
      <line num="357" type="stmt" count="0"/>
      <line num="364" type="method" name="approveVerification" visibility="public" complexity="6" crap="42" count="0"/>
      <line num="366" type="stmt" count="0"/>
      <line num="367" type="stmt" count="0"/>
      <line num="371" type="stmt" count="0"/>
      <line num="372" type="stmt" count="0"/>
      <line num="374" type="stmt" count="0"/>
      <line num="375" type="stmt" count="0"/>
      <line num="376" type="stmt" count="0"/>
      <line num="378" type="stmt" count="0"/>
      <line num="379" type="stmt" count="0"/>
      <line num="380" type="stmt" count="0"/>
      <line num="382" type="stmt" count="0"/>
      <line num="383" type="stmt" count="0"/>
      <line num="384" type="stmt" count="0"/>
      <line num="385" type="stmt" count="0"/>
      <line num="386" type="stmt" count="0"/>
      <line num="387" type="stmt" count="0"/>
      <line num="388" type="stmt" count="0"/>
      <line num="389" type="stmt" count="0"/>
      <line num="390" type="stmt" count="0"/>
      <line num="391" type="stmt" count="0"/>
      <line num="392" type="stmt" count="0"/>
      <line num="393" type="stmt" count="0"/>
      <line num="394" type="stmt" count="0"/>
      <line num="402" type="method" name="rejectVerification" visibility="public" complexity="2" crap="6" count="0"/>
      <line num="404" type="stmt" count="0"/>
      <line num="405" type="stmt" count="0"/>
      <line num="408" type="stmt" count="0"/>
      <line num="410" type="stmt" count="0"/>
      <line num="411" type="stmt" count="0"/>
      <line num="412" type="stmt" count="0"/>
      <line num="413" type="stmt" count="0"/>
      <line num="414" type="stmt" count="0"/>
      <line num="416" type="stmt" count="0"/>
      <line num="417" type="stmt" count="0"/>
      <line num="418" type="stmt" count="0"/>
      <line num="419" type="stmt" count="0"/>
      <line num="426" type="method" name="unauthorizedResponse" visibility="private" complexity="1" crap="2" count="0"/>
      <line num="428" type="stmt" count="0"/>
      <line num="429" type="stmt" count="0"/>
      <line num="430" type="stmt" count="0"/>
      <line num="431" type="stmt" count="0"/>
      <line num="432" type="stmt" count="0"/>
      <line num="441" type="method" name="showWallets" visibility="public" complexity="2" crap="6" count="0"/>
      <line num="443" type="stmt" count="0"/>
      <line num="444" type="stmt" count="0"/>
      <line num="447" type="stmt" count="0"/>
      <line num="448" type="stmt" count="0"/>
      <line num="450" type="stmt" count="0"/>
      <line num="451" type="stmt" count="0"/>
      <line num="452" type="stmt" count="0"/>
      <line num="453" type="stmt" count="0"/>
      <line num="454" type="stmt" count="0"/>
      <line num="455" type="stmt" count="0"/>
      <metrics loc="458" ncloc="387" classes="1" methods="15" coveredmethods="0" conditionals="0" coveredconditionals="0" statements="239" coveredstatements="0" elements="254" coveredelements="0"/>
    </file>
    <file name="C:\wamp64\www\4th_year_project\app\Http\Controllers\API\Auth\GoogleController.php">
      <class name="App\Http\Controllers\API\Auth\GoogleController" namespace="global">
        <metrics complexity="28" methods="3" coveredmethods="0" conditionals="0" coveredconditionals="0" statements="96" coveredstatements="0" elements="99" coveredelements="0"/>
      </class>
      <line num="17" type="method" name="__construct" visibility="public" complexity="1" crap="2" count="0"/>
      <line num="19" type="stmt" count="0"/>
      <line num="23" type="method" name="redirect" visibility="public" complexity="1" crap="2" count="0"/>
      <line num="24" type="stmt" count="0"/>
      <line num="28" type="method" name="callback" visibility="public" complexity="26" crap="702" count="0"/>
      <line num="31" type="stmt" count="0"/>
      <line num="32" type="stmt" count="0"/>
      <line num="33" type="stmt" count="0"/>
      <line num="36" type="stmt" count="0"/>
      <line num="37" type="stmt" count="0"/>
      <line num="38" type="stmt" count="0"/>
      <line num="39" type="stmt" count="0"/>
      <line num="41" type="stmt" count="0"/>
      <line num="44" type="stmt" count="0"/>
      <line num="45" type="stmt" count="0"/>
      <line num="46" type="stmt" count="0"/>
      <line num="50" type="stmt" count="0"/>
      <line num="51" type="stmt" count="0"/>
      <line num="52" type="stmt" count="0"/>
      <line num="55" type="stmt" count="0"/>
      <line num="57" type="stmt" count="0"/>
      <line num="58" type="stmt" count="0"/>
      <line num="60" type="stmt" count="0"/>
      <line num="61" type="stmt" count="0"/>
      <line num="62" type="stmt" count="0"/>
      <line num="63" type="stmt" count="0"/>
      <line num="64" type="stmt" count="0"/>
      <line num="65" type="stmt" count="0"/>
      <line num="66" type="stmt" count="0"/>
      <line num="67" type="stmt" count="0"/>
      <line num="71" type="stmt" count="0"/>
      <line num="72" type="stmt" count="0"/>
      <line num="74" type="stmt" count="0"/>
      <line num="75" type="stmt" count="0"/>
      <line num="76" type="stmt" count="0"/>
      <line num="77" type="stmt" count="0"/>
      <line num="80" type="stmt" count="0"/>
      <line num="81" type="stmt" count="0"/>
      <line num="82" type="stmt" count="0"/>
      <line num="83" type="stmt" count="0"/>
      <line num="84" type="stmt" count="0"/>
      <line num="85" type="stmt" count="0"/>
      <line num="86" type="stmt" count="0"/>
      <line num="87" type="stmt" count="0"/>
      <line num="88" type="stmt" count="0"/>
      <line num="89" type="stmt" count="0"/>
      <line num="90" type="stmt" count="0"/>
      <line num="93" type="stmt" count="0"/>
      <line num="94" type="stmt" count="0"/>
      <line num="95" type="stmt" count="0"/>
      <line num="97" type="stmt" count="0"/>
      <line num="98" type="stmt" count="0"/>
      <line num="99" type="stmt" count="0"/>
      <line num="100" type="stmt" count="0"/>
      <line num="101" type="stmt" count="0"/>
      <line num="106" type="stmt" count="0"/>
      <line num="107" type="stmt" count="0"/>
      <line num="108" type="stmt" count="0"/>
      <line num="111" type="stmt" count="0"/>
      <line num="113" type="stmt" count="0"/>
      <line num="114" type="stmt" count="0"/>
      <line num="115" type="stmt" count="0"/>
      <line num="116" type="stmt" count="0"/>
      <line num="117" type="stmt" count="0"/>
      <line num="118" type="stmt" count="0"/>
      <line num="121" type="stmt" count="0"/>
      <line num="122" type="stmt" count="0"/>
      <line num="123" type="stmt" count="0"/>
      <line num="124" type="stmt" count="0"/>
      <line num="125" type="stmt" count="0"/>
      <line num="126" type="stmt" count="0"/>
      <line num="127" type="stmt" count="0"/>
      <line num="128" type="stmt" count="0"/>
      <line num="129" type="stmt" count="0"/>
      <line num="130" type="stmt" count="0"/>
      <line num="131" type="stmt" count="0"/>
      <line num="132" type="stmt" count="0"/>
      <line num="133" type="stmt" count="0"/>
      <line num="134" type="stmt" count="0"/>
      <line num="135" type="stmt" count="0"/>
      <line num="137" type="stmt" count="0"/>
      <line num="138" type="stmt" count="0"/>
      <line num="139" type="stmt" count="0"/>
      <line num="140" type="stmt" count="0"/>
      <line num="141" type="stmt" count="0"/>
      <line num="142" type="stmt" count="0"/>
      <line num="143" type="stmt" count="0"/>
      <line num="144" type="stmt" count="0"/>
      <line num="145" type="stmt" count="0"/>
      <line num="147" type="stmt" count="0"/>
      <line num="149" type="stmt" count="0"/>
      <line num="150" type="stmt" count="0"/>
      <line num="151" type="stmt" count="0"/>
      <line num="152" type="stmt" count="0"/>
      <line num="153" type="stmt" count="0"/>
      <line num="154" type="stmt" count="0"/>
      <line num="155" type="stmt" count="0"/>
      <line num="156" type="stmt" count="0"/>
      <line num="158" type="stmt" count="0"/>
      <metrics loc="162" ncloc="157" classes="1" methods="3" coveredmethods="0" conditionals="0" coveredconditionals="0" statements="96" coveredstatements="0" elements="99" coveredelements="0"/>
    </file>
    <file name="C:\wamp64\www\4th_year_project\app\Http\Controllers\API\ChatController.php">
      <class name="App\Http\Controllers\API\ChatController" namespace="global">
        <metrics complexity="24" methods="7" coveredmethods="1" conditionals="0" coveredconditionals="0" statements="131" coveredstatements="88" elements="138" coveredelements="89"/>
      </class>
      <line num="24" type="method" name="__construct" visibility="public" complexity="1" crap="1" count="7"/>
      <line num="27" type="stmt" count="7"/>
      <line num="32" type="method" name="getConversations" visibility="public" complexity="2" crap="2.29" count="1"/>
      <line num="35" type="stmt" count="1"/>
      <line num="37" type="stmt" count="1"/>
      <line num="38" type="stmt" count="1"/>
      <line num="39" type="stmt" count="1"/>
      <line num="40" type="stmt" count="1"/>
      <line num="41" type="stmt" count="1"/>
      <line num="42" type="stmt" count="1"/>
      <line num="43" type="stmt" count="0"/>
      <line num="44" type="stmt" count="0"/>
      <line num="45" type="stmt" count="0"/>
      <line num="46" type="stmt" count="0"/>
      <line num="47" type="stmt" count="0"/>
      <line num="54" type="method" name="startConversation" visibility="public" complexity="4" crap="4.02" count="6"/>
      <line num="56" type="stmt" count="6"/>
      <line num="57" type="stmt" count="6"/>
      <line num="58" type="stmt" count="6"/>
      <line num="60" type="stmt" count="6"/>
      <line num="61" type="stmt" count="0"/>
      <line num="62" type="stmt" count="0"/>
      <line num="63" type="stmt" count="0"/>
      <line num="64" type="stmt" count="0"/>
      <line num="68" type="stmt" count="6"/>
      <line num="69" type="stmt" count="6"/>
      <line num="72" type="stmt" count="6"/>
      <line num="73" type="stmt" count="6"/>
      <line num="74" type="stmt" count="6"/>
      <line num="75" type="stmt" count="6"/>
      <line num="77" type="stmt" count="6"/>
      <line num="78" type="stmt" count="1"/>
      <line num="79" type="stmt" count="1"/>
      <line num="80" type="stmt" count="1"/>
      <line num="81" type="stmt" count="1"/>
      <line num="82" type="stmt" count="1"/>
      <line num="83" type="stmt" count="1"/>
      <line num="84" type="stmt" count="1"/>
      <line num="88" type="stmt" count="6"/>
      <line num="89" type="stmt" count="6"/>
      <line num="90" type="stmt" count="6"/>
      <line num="91" type="stmt" count="6"/>
      <line num="93" type="stmt" count="5"/>
      <line num="94" type="stmt" count="5"/>
      <line num="95" type="stmt" count="5"/>
      <line num="96" type="stmt" count="5"/>
      <line num="97" type="stmt" count="5"/>
      <line num="98" type="stmt" count="5"/>
      <line num="99" type="stmt" count="5"/>
      <line num="100" type="stmt" count="1"/>
      <line num="101" type="stmt" count="1"/>
      <line num="102" type="stmt" count="1"/>
      <line num="103" type="stmt" count="1"/>
      <line num="104" type="stmt" count="1"/>
      <line num="111" type="method" name="getMessages" visibility="public" complexity="4" crap="4.96" count="1"/>
      <line num="114" type="stmt" count="1"/>
      <line num="116" type="stmt" count="1"/>
      <line num="117" type="stmt" count="0"/>
      <line num="118" type="stmt" count="0"/>
      <line num="119" type="stmt" count="0"/>
      <line num="120" type="stmt" count="0"/>
      <line num="123" type="stmt" count="1"/>
      <line num="124" type="stmt" count="1"/>
      <line num="125" type="stmt" count="1"/>
      <line num="127" type="stmt" count="1"/>
      <line num="128" type="stmt" count="1"/>
      <line num="129" type="stmt" count="1"/>
      <line num="130" type="stmt" count="1"/>
      <line num="131" type="stmt" count="1"/>
      <line num="133" type="stmt" count="1"/>
      <line num="134" type="stmt" count="1"/>
      <line num="135" type="stmt" count="1"/>
      <line num="136" type="stmt" count="1"/>
      <line num="137" type="stmt" count="0"/>
      <line num="138" type="stmt" count="0"/>
      <line num="139" type="stmt" count="0"/>
      <line num="140" type="stmt" count="0"/>
      <line num="141" type="stmt" count="0"/>
      <line num="150" type="method" name="sendMessage" visibility="public" complexity="2" crap="2.15" count="1"/>
      <line num="154" type="stmt" count="1"/>
      <line num="155" type="stmt" count="1"/>
      <line num="156" type="stmt" count="1"/>
      <line num="157" type="stmt" count="1"/>
      <line num="158" type="stmt" count="1"/>
      <line num="161" type="stmt" count="1"/>
      <line num="164" type="stmt" count="1"/>
      <line num="165" type="stmt" count="1"/>
      <line num="166" type="stmt" count="1"/>
      <line num="167" type="stmt" count="1"/>
      <line num="168" type="stmt" count="0"/>
      <line num="169" type="stmt" count="0"/>
      <line num="170" type="stmt" count="0"/>
      <line num="171" type="stmt" count="0"/>
      <line num="172" type="stmt" count="0"/>
      <line num="179" type="method" name="deleteMessage" visibility="public" complexity="3" crap="12" count="0"/>
      <line num="182" type="stmt" count="0"/>
      <line num="183" type="stmt" count="0"/>
      <line num="184" type="stmt" count="0"/>
      <line num="185" type="stmt" count="0"/>
      <line num="187" type="stmt" count="0"/>
      <line num="188" type="stmt" count="0"/>
      <line num="189" type="stmt" count="0"/>
      <line num="190" type="stmt" count="0"/>
      <line num="191" type="stmt" count="0"/>
      <line num="194" type="stmt" count="0"/>
      <line num="195" type="stmt" count="0"/>
      <line num="196" type="stmt" count="0"/>
      <line num="197" type="stmt" count="0"/>
      <line num="198" type="stmt" count="0"/>
      <line num="199" type="stmt" count="0"/>
      <line num="200" type="stmt" count="0"/>
      <line num="201" type="stmt" count="0"/>
      <line num="202" type="stmt" count="0"/>
      <line num="209" type="method" name="formatConversation" visibility="private" complexity="8" crap="8.04" count="1"/>
      <line num="211" type="stmt" count="1"/>
      <line num="212" type="stmt" count="1"/>
      <line num="215" type="stmt" count="1"/>
      <line num="216" type="stmt" count="1"/>
      <line num="217" type="stmt" count="1"/>
      <line num="218" type="stmt" count="1"/>
      <line num="219" type="stmt" count="1"/>
      <line num="220" type="stmt" count="1"/>
      <line num="225" type="stmt" count="1"/>
      <line num="226" type="stmt" count="1"/>
      <line num="227" type="stmt" count="1"/>
      <line num="228" type="stmt" count="1"/>
      <line num="229" type="stmt" count="1"/>
      <line num="230" type="stmt" count="1"/>
      <line num="231" type="stmt" count="1"/>
      <line num="232" type="stmt" count="1"/>
      <line num="234" type="stmt" count="1"/>
      <line num="235" type="stmt" count="1"/>
      <line num="236" type="stmt" count="0"/>
      <line num="237" type="stmt" count="0"/>
      <line num="238" type="stmt" count="1"/>
      <line num="239" type="stmt" count="1"/>
      <line num="241" type="stmt" count="1"/>
      <line num="242" type="stmt" count="1"/>
      <metrics loc="245" ncloc="209" classes="1" methods="7" coveredmethods="1" conditionals="0" coveredconditionals="0" statements="131" coveredstatements="88" elements="138" coveredelements="89"/>
    </file>
    <file name="C:\wamp64\www\4th_year_project\app\Http\Controllers\API\DocumentController.php">
      <class name="App\Http\Controllers\API\DocumentController" namespace="global">
        <metrics complexity="4" methods="2" coveredmethods="0" conditionals="0" coveredconditionals="0" statements="32" coveredstatements="0" elements="34" coveredelements="0"/>
      </class>
      <line num="14" type="method" name="__construct" visibility="public" complexity="1" crap="2" count="0"/>
      <line num="16" type="stmt" count="0"/>
      <line num="19" type="method" name="store" visibility="public" complexity="3" crap="12" count="0"/>
      <line num="21" type="stmt" count="0"/>
      <line num="23" type="stmt" count="0"/>
      <line num="24" type="stmt" count="0"/>
      <line num="25" type="stmt" count="0"/>
      <line num="26" type="stmt" count="0"/>
      <line num="27" type="stmt" count="0"/>
      <line num="30" type="stmt" count="0"/>
      <line num="31" type="stmt" count="0"/>
      <line num="32" type="stmt" count="0"/>
      <line num="33" type="stmt" count="0"/>
      <line num="35" type="stmt" count="0"/>
      <line num="36" type="stmt" count="0"/>
      <line num="37" type="stmt" count="0"/>
      <line num="38" type="stmt" count="0"/>
      <line num="39" type="stmt" count="0"/>
      <line num="42" type="stmt" count="0"/>
      <line num="43" type="stmt" count="0"/>
      <line num="44" type="stmt" count="0"/>
      <line num="47" type="stmt" count="0"/>
      <line num="48" type="stmt" count="0"/>
      <line num="49" type="stmt" count="0"/>
      <line num="50" type="stmt" count="0"/>
      <line num="51" type="stmt" count="0"/>
      <line num="53" type="stmt" count="0"/>
      <line num="54" type="stmt" count="0"/>
      <line num="55" type="stmt" count="0"/>
      <line num="56" type="stmt" count="0"/>
      <line num="57" type="stmt" count="0"/>
      <line num="58" type="stmt" count="0"/>
      <line num="59" type="stmt" count="0"/>
      <line num="60" type="stmt" count="0"/>
      <metrics loc="63" ncloc="62" classes="1" methods="2" coveredmethods="0" conditionals="0" coveredconditionals="0" statements="32" coveredstatements="0" elements="34" coveredelements="0"/>
    </file>
    <file name="C:\wamp64\www\4th_year_project\app\Http\Controllers\API\ForgotPasswordController.php">
      <class name="App\Http\Controllers\API\ForgotPasswordController" namespace="global">
        <metrics complexity="3" methods="2" coveredmethods="0" conditionals="0" coveredconditionals="0" statements="8" coveredstatements="0" elements="10" coveredelements="0"/>
      </class>
      <line num="14" type="method" name="__construct" visibility="public" complexity="1" crap="2" count="0"/>
      <line num="16" type="stmt" count="0"/>
      <line num="19" type="method" name="__invoke" visibility="public" complexity="2" crap="6" count="0"/>
      <line num="21" type="stmt" count="0"/>
      <line num="23" type="stmt" count="0"/>
      <line num="24" type="stmt" count="0"/>
      <line num="25" type="stmt" count="0"/>
      <line num="27" type="stmt" count="0"/>
      <line num="28" type="stmt" count="0"/>
      <line num="29" type="stmt" count="0"/>
      <metrics loc="32" ncloc="32" classes="1" methods="2" coveredmethods="0" conditionals="0" coveredconditionals="0" statements="8" coveredstatements="0" elements="10" coveredelements="0"/>
    </file>
    <file name="C:\wamp64\www\4th_year_project\app\Http\Controllers\API\LoginController.php">
      <class name="App\Http\Controllers\API\LoginController" namespace="global">
        <metrics complexity="5" methods="2" coveredmethods="2" conditionals="0" coveredconditionals="0" statements="46" coveredstatements="46" elements="48" coveredelements="48"/>
      </class>
      <line num="17" type="method" name="__construct" visibility="public" complexity="1" crap="1" count="66"/>
      <line num="21" type="stmt" count="66"/>
      <line num="22" type="stmt" count="66"/>
      <line num="25" type="method" name="__invoke" visibility="public" complexity="4" crap="4" count="66"/>
      <line num="28" type="stmt" count="66"/>
      <line num="29" type="stmt" count="66"/>
      <line num="30" type="stmt" count="66"/>
      <line num="31" type="stmt" count="66"/>
      <line num="33" type="stmt" count="66"/>
      <line num="34" type="stmt" count="1"/>
      <line num="35" type="stmt" count="1"/>
      <line num="36" type="stmt" count="1"/>
      <line num="37" type="stmt" count="1"/>
      <line num="38" type="stmt" count="1"/>
      <line num="42" type="stmt" count="65"/>
      <line num="44" type="stmt" count="65"/>
      <line num="45" type="stmt" count="1"/>
      <line num="46" type="stmt" count="1"/>
      <line num="47" type="stmt" count="1"/>
      <line num="48" type="stmt" count="1"/>
      <line num="49" type="stmt" count="1"/>
      <line num="53" type="stmt" count="64"/>
      <line num="54" type="stmt" count="1"/>
      <line num="55" type="stmt" count="1"/>
      <line num="56" type="stmt" count="1"/>
      <line num="57" type="stmt" count="1"/>
      <line num="58" type="stmt" count="1"/>
      <line num="62" type="stmt" count="63"/>
      <line num="65" type="stmt" count="63"/>
      <line num="68" type="stmt" count="63"/>
      <line num="70" type="stmt" count="63"/>
      <line num="71" type="stmt" count="63"/>
      <line num="72" type="stmt" count="63"/>
      <line num="73" type="stmt" count="63"/>
      <line num="74" type="stmt" count="63"/>
      <line num="75" type="stmt" count="63"/>
      <line num="76" type="stmt" count="63"/>
      <line num="77" type="stmt" count="63"/>
      <line num="78" type="stmt" count="63"/>
      <line num="79" type="stmt" count="63"/>
      <line num="80" type="stmt" count="63"/>
      <line num="81" type="stmt" count="63"/>
      <line num="82" type="stmt" count="63"/>
      <line num="83" type="stmt" count="63"/>
      <line num="84" type="stmt" count="63"/>
      <line num="85" type="stmt" count="63"/>
      <line num="86" type="stmt" count="63"/>
      <line num="87" type="stmt" count="63"/>
      <metrics loc="90" ncloc="84" classes="1" methods="2" coveredmethods="2" conditionals="0" coveredconditionals="0" statements="46" coveredstatements="46" elements="48" coveredelements="48"/>
    </file>
    <file name="C:\wamp64\www\4th_year_project\app\Http\Controllers\API\LogoutController.php">
      <class name="App\Http\Controllers\API\LogoutController" namespace="global">
        <metrics complexity="3" methods="2" coveredmethods="1" conditionals="0" coveredconditionals="0" statements="14" coveredstatements="10" elements="16" coveredelements="11"/>
      </class>
      <line num="15" type="method" name="__construct" visibility="public" complexity="1" crap="1" count="2"/>
      <line num="19" type="stmt" count="2"/>
      <line num="20" type="stmt" count="2"/>
      <line num="23" type="method" name="__invoke" visibility="public" complexity="2" crap="2.15" count="1"/>
      <line num="26" type="stmt" count="1"/>
      <line num="28" type="stmt" count="1"/>
      <line num="29" type="stmt" count="0"/>
      <line num="30" type="stmt" count="0"/>
      <line num="31" type="stmt" count="0"/>
      <line num="32" type="stmt" count="0"/>
      <line num="36" type="stmt" count="1"/>
      <line num="39" type="stmt" count="1"/>
      <line num="41" type="stmt" count="1"/>
      <line num="42" type="stmt" count="1"/>
      <line num="43" type="stmt" count="1"/>
      <line num="44" type="stmt" count="1"/>
[...]
      <class name="App\Services\Ride\RideValidationService" namespace="global">
        <metrics complexity="17" methods="7" coveredmethods="6" conditionals="0" coveredconditionals="0" statements="40" coveredstatements="34" elements="47" coveredelements="40"/>
      </class>
      <line num="21" type="method" name="__construct" visibility="public" complexity="1" crap="1" count="28"/>
      <line num="23" type="stmt" count="28"/>
      <line num="30" type="method" name="validateDriverCanCreateRide" visibility="public" complexity="3" crap="3" count="4"/>
      <line num="33" type="stmt" count="4"/>
      <line num="34" type="stmt" count="1"/>
      <line num="38" type="stmt" count="3"/>
      <line num="39" type="stmt" count="1"/>
      <line num="43" type="stmt" count="2"/>
      <line num="51" type="method" name="validatePassengerCanBook" visibility="public" complexity="2" crap="2" count="8"/>
      <line num="53" type="stmt" count="8"/>
      <line num="54" type="stmt" count="2"/>
      <line num="66" type="method" name="validateDepartureTime" visibility="public" complexity="3" crap="3" count="4"/>
      <line num="68" type="stmt" count="4"/>
      <line num="69" type="stmt" count="4"/>
      <line num="71" type="stmt" count="4"/>
      <line num="72" type="stmt" count="2"/>
      <line num="73" type="stmt" count="2"/>
      <line num="74" type="stmt" count="2"/>
      <line num="75" type="stmt" count="2"/>
      <line num="79" type="stmt" count="2"/>
      <line num="80" type="stmt" count="2"/>
      <line num="81" type="stmt" count="1"/>
      <line num="82" type="stmt" count="1"/>
      <line num="83" type="stmt" count="1"/>
      <line num="92" type="method" name="validateSeatsAvailable" visibility="public" complexity="4" crap="4" count="9"/>
      <line num="94" type="stmt" count="9"/>
      <line num="95" type="stmt" count="1"/>
      <line num="96" type="stmt" count="1"/>
      <line num="97" type="stmt" count="1"/>
      <line num="100" type="stmt" count="8"/>
      <line num="101" type="stmt" count="1"/>
      <line num="104" type="stmt" count="7"/>
      <line num="105" type="stmt" count="1"/>
      <line num="114" type="method" name="validateCanCancelRide" visibility="public" complexity="2" crap="2" count="2"/>
      <line num="116" type="stmt" count="2"/>
      <line num="117" type="stmt" count="2"/>
      <line num="120" type="stmt" count="2"/>
      <line num="121" type="stmt" count="1"/>
      <line num="122" type="stmt" count="1"/>
      <line num="123" type="stmt" count="1"/>
      <line num="132" type="method" name="validateCanCancelBooking" visibility="public" complexity="2" crap="6" count="0"/>
      <line num="134" type="stmt" count="0"/>
      <line num="135" type="stmt" count="0"/>
      <line num="138" type="stmt" count="0"/>
      <line num="139" type="stmt" count="0"/>
      <line num="140" type="stmt" count="0"/>
      <line num="141" type="stmt" count="0"/>
      <metrics loc="145" ncloc="97" classes="1" methods="7" coveredmethods="6" conditionals="0" coveredconditionals="0" statements="40" coveredstatements="34" elements="47" coveredelements="40"/>
    </file>
    <file name="C:\wamp64\www\4th_year_project\app\Services\TextMeBotOtpService.php">
      <class name="App\Services\TextMeBotOtpService" namespace="global">
        <metrics complexity="21" methods="7" coveredmethods="3" conditionals="0" coveredconditionals="0" statements="104" coveredstatements="28" elements="111" coveredelements="31"/>
      </class>
      <line num="16" type="method" name="__construct" visibility="public" complexity="1" crap="1" count="9"/>
      <line num="18" type="stmt" count="9"/>
      <line num="19" type="stmt" count="9"/>
      <line num="25" type="method" name="sendOtp" visibility="public" complexity="5" crap="21.27" count="1"/>
      <line num="30" type="stmt" count="1"/>
      <line num="33" type="stmt" count="1"/>
      <line num="34" type="stmt" count="1"/>
      <line num="35" type="stmt" count="1"/>
      <line num="36" type="stmt" count="1"/>
      <line num="37" type="stmt" count="1"/>
      <line num="41" type="stmt" count="0"/>
      <line num="44" type="stmt" count="0"/>
      <line num="47" type="stmt" count="0"/>
      <line num="48" type="stmt" count="0"/>
      <line num="49" type="stmt" count="0"/>
      <line num="50" type="stmt" count="0"/>
      <line num="51" type="stmt" count="0"/>
      <line num="52" type="stmt" count="0"/>
      <line num="53" type="stmt" count="0"/>
      <line num="54" type="stmt" count="0"/>
      <line num="57" type="stmt" count="0"/>
      <line num="58" type="stmt" count="0"/>
      <line num="60" type="stmt" count="0"/>
      <line num="61" type="stmt" count="0"/>
      <line num="62" type="stmt" count="0"/>
      <line num="63" type="stmt" count="0"/>
      <line num="64" type="stmt" count="0"/>
      <line num="65" type="stmt" count="0"/>
      <line num="66" type="stmt" count="0"/>
      <line num="67" type="stmt" count="0"/>
      <line num="70" type="stmt" count="0"/>
      <line num="71" type="stmt" count="0"/>
      <line num="72" type="stmt" count="0"/>
      <line num="73" type="stmt" count="0"/>
      <line num="74" type="stmt" count="0"/>
      <line num="75" type="stmt" count="0"/>
      <line num="78" type="stmt" count="0"/>
      <line num="79" type="stmt" count="0"/>
      <line num="80" type="stmt" count="0"/>
      <line num="81" type="stmt" count="0"/>
      <line num="82" type="stmt" count="0"/>
      <line num="83" type="stmt" count="0"/>
      <line num="84" type="stmt" count="0"/>
      <line num="86" type="stmt" count="0"/>
      <line num="87" type="stmt" count="0"/>
      <line num="88" type="stmt" count="0"/>
      <line num="89" type="stmt" count="0"/>
      <line num="90" type="stmt" count="0"/>
      <line num="91" type="stmt" count="0"/>
      <line num="98" type="method" name="verifyOtp" visibility="public" complexity="4" crap="4.81" count="4"/>
      <line num="101" type="stmt" count="4"/>
      <line num="103" type="stmt" count="4"/>
      <line num="105" type="stmt" count="4"/>
      <line num="106" type="stmt" count="1"/>
      <line num="107" type="stmt" count="1"/>
      <line num="108" type="stmt" count="1"/>
      <line num="109" type="stmt" count="1"/>
      <line num="112" type="stmt" count="3"/>
      <line num="113" type="stmt" count="0"/>
      <line num="114" type="stmt" count="0"/>
      <line num="115" type="stmt" count="0"/>
      <line num="116" type="stmt" count="0"/>
      <line num="120" type="stmt" count="3"/>
      <line num="122" type="stmt" count="3"/>
      <line num="123" type="stmt" count="3"/>
      <line num="124" type="stmt" count="3"/>
      <line num="125" type="stmt" count="3"/>
      <line num="126" type="stmt" count="3"/>
      <line num="127" type="stmt" count="3"/>
      <line num="128" type="stmt" count="3"/>
      <line num="129" type="stmt" count="3"/>
      <line num="131" type="stmt" count="0"/>
      <line num="132" type="stmt" count="0"/>
      <line num="133" type="stmt" count="0"/>
      <line num="134" type="stmt" count="0"/>
      <line num="135" type="stmt" count="0"/>
      <line num="136" type="stmt" count="0"/>
      <line num="143" type="method" name="sendViaTextMeBot" visibility="private" complexity="4" crap="20" count="0"/>
      <line num="146" type="stmt" count="0"/>
      <line num="149" type="stmt" count="0"/>
      <line num="150" type="stmt" count="0"/>
      <line num="152" type="stmt" count="0"/>
      <line num="153" type="stmt" count="0"/>
      <line num="154" type="stmt" count="0"/>
      <line num="155" type="stmt" count="0"/>
      <line num="156" type="stmt" count="0"/>
      <line num="157" type="stmt" count="0"/>
      <line num="159" type="stmt" count="0"/>
      <line num="160" type="stmt" count="0"/>
      <line num="161" type="stmt" count="0"/>
      <line num="163" type="stmt" count="0"/>
      <line num="164" type="stmt" count="0"/>
      <line num="165" type="stmt" count="0"/>
      <line num="168" type="stmt" count="0"/>
      <line num="169" type="stmt" count="0"/>
      <line num="171" type="stmt" count="0"/>
      <line num="172" type="stmt" count="0"/>
      <line num="173" type="stmt" count="0"/>
      <line num="180" type="method" name="normalizeForTextMeBot" visibility="private" complexity="5" crap="30" count="0"/>
      <line num="182" type="stmt" count="0"/>
      <line num="183" type="stmt" count="0"/>
      <line num="185" type="stmt" count="0"/>
      <line num="186" type="stmt" count="0"/>
      <line num="189" type="stmt" count="0"/>
      <line num="190" type="stmt" count="0"/>
      <line num="193" type="stmt" count="0"/>
      <line num="200" type="method" name="validateSyrianPhone" visibility="private" complexity="1" crap="1" count="5"/>
      <line num="202" type="stmt" count="5"/>
      <line num="208" type="method" name="canSendOtp" visibility="private" complexity="1" crap="1" count="1"/>
      <line num="210" type="stmt" count="1"/>
      <line num="211" type="stmt" count="1"/>
      <metrics loc="214" ncloc="185" classes="1" methods="7" coveredmethods="3" conditionals="0" coveredconditionals="0" statements="104" coveredstatements="28" elements="111" coveredelements="31"/>
    </file>
    <file name="C:\wamp64\www\4th_year_project\app\Services\Verification\DocumentVerificationService.php">
      <class name="App\Services\Verification\DocumentVerificationService" namespace="global">
        <metrics complexity="13" methods="11" coveredmethods="6" conditionals="0" coveredconditionals="0" statements="34" coveredstatements="17" elements="45" coveredelements="23"/>
      </class>
      <line num="44" type="method" name="hasRequiredDriverDocuments" visibility="public" complexity="1" crap="2" count="0"/>
      <line num="46" type="stmt" count="0"/>
      <line num="47" type="stmt" count="0"/>
      <line num="53" type="method" name="hasRequiredPassengerDocuments" visibility="public" complexity="1" crap="2" count="0"/>
      <line num="55" type="stmt" count="0"/>
      <line num="56" type="stmt" count="0"/>
      <line num="62" type="method" name="getMissingDriverDocuments" visibility="public" complexity="1" crap="1" count="2"/>
      <line num="64" type="stmt" count="2"/>
      <line num="65" type="stmt" count="2"/>
      <line num="71" type="method" name="getMissingPassengerDocuments" visibility="public" complexity="1" crap="2" count="0"/>
      <line num="73" type="stmt" count="0"/>
      <line num="74" type="stmt" count="0"/>
      <line num="82" type="method" name="validateDriverDocuments" visibility="public" complexity="2" crap="2" count="2"/>
      <line num="84" type="stmt" count="2"/>
      <line num="86" type="stmt" count="2"/>
      <line num="87" type="stmt" count="1"/>
      <line num="89" type="stmt" count="1"/>
      <line num="90" type="stmt" count="1"/>
      <line num="91" type="stmt" count="1"/>
      <line num="100" type="method" name="validatePassengerDocuments" visibility="public" complexity="2" crap="6" count="0"/>
      <line num="102" type="stmt" count="0"/>
      <line num="104" type="stmt" count="0"/>
      <line num="105" type="stmt" count="0"/>
      <line num="107" type="stmt" count="0"/>
      <line num="108" type="stmt" count="0"/>
      <line num="109" type="stmt" count="0"/>
      <line num="116" type="method" name="getUserDocumentTypes" visibility="private" complexity="1" crap="1" count="2"/>
      <line num="118" type="stmt" count="2"/>
      <line num="119" type="stmt" count="2"/>
      <line num="120" type="stmt" count="2"/>
      <line num="126" type="method" name="formatDocumentNames" visibility="private" complexity="1" crap="1" count="1"/>
      <line num="128" type="stmt" count="1"/>
      <line num="129" type="stmt" count="1"/>
      <line num="130" type="stmt" count="1"/>
      <line num="131" type="stmt" count="1"/>
      <line num="137" type="method" name="getDriverVerificationProgress" visibility="public" complexity="1" crap="2" count="0"/>
      <line num="139" type="stmt" count="0"/>
      <line num="140" type="stmt" count="0"/>
      <line num="141" type="stmt" count="0"/>
      <line num="142" type="stmt" count="0"/>
      <line num="144" type="stmt" count="0"/>
      <line num="150" type="method" name="getRequiredDriverDocumentTypes" visibility="public" complexity="1" crap="1" count="1"/>
      <line num="152" type="stmt" count="1"/>
      <line num="158" type="method" name="getRequiredPassengerDocumentTypes" visibility="public" complexity="1" crap="1" count="1"/>
      <line num="160" type="stmt" count="1"/>
      <metrics loc="163" ncloc="114" classes="1" methods="11" coveredmethods="6" conditionals="0" coveredconditionals="0" statements="34" coveredstatements="17" elements="45" coveredelements="23"/>
    </file>
    <file name="C:\wamp64\www\4th_year_project\app\Services\WhatsAppOtpService.php">
      <class name="App\Services\WhatsAppOtpService" namespace="global">
        <metrics complexity="28" methods="11" coveredmethods="4" conditionals="0" coveredconditionals="0" statements="111" coveredstatements="41" elements="122" coveredelements="45"/>
      </class>
      <line num="18" type="method" name="__construct" visibility="public" complexity="1" crap="1" count="18"/>
      <line num="20" type="stmt" count="18"/>
      <line num="21" type="stmt" count="18"/>
      <line num="22" type="stmt" count="18"/>
      <line num="28" type="method" name="sendOtp" visibility="public" complexity="6" crap="12.50" count="5"/>
      <line num="31" type="stmt" count="5"/>
      <line num="33" type="stmt" count="5"/>
      <line num="34" type="stmt" count="0"/>
      <line num="35" type="stmt" count="0"/>
      <line num="36" type="stmt" count="0"/>
      <line num="37" type="stmt" count="0"/>
      <line num="40" type="stmt" count="5"/>
      <line num="41" type="stmt" count="5"/>
      <line num="43" type="stmt" count="5"/>
      <line num="44" type="stmt" count="5"/>
      <line num="45" type="stmt" count="5"/>
      <line num="46" type="stmt" count="5"/>
      <line num="47" type="stmt" count="5"/>
      <line num="48" type="stmt" count="5"/>
      <line num="49" type="stmt" count="5"/>
      <line num="50" type="stmt" count="5"/>
      <line num="53" type="stmt" count="5"/>
      <line num="54" type="stmt" count="5"/>
      <line num="55" type="stmt" count="5"/>
      <line num="56" type="stmt" count="5"/>
      <line num="57" type="stmt" count="5"/>
      <line num="58" type="stmt" count="5"/>
      <line num="59" type="stmt" count="5"/>
      <line num="60" type="stmt" count="5"/>
      <line num="64" type="stmt" count="0"/>
      <line num="65" type="stmt" count="0"/>
      <line num="66" type="stmt" count="0"/>
      <line num="67" type="stmt" count="0"/>
      <line num="68" type="stmt" count="0"/>
      <line num="71" type="stmt" count="0"/>
      <line num="73" type="stmt" count="0"/>
      <line num="74" type="stmt" count="0"/>
      <line num="75" type="stmt" count="0"/>
      <line num="76" type="stmt" count="0"/>
      <line num="77" type="stmt" count="0"/>
      <line num="78" type="stmt" count="0"/>
      <line num="81" type="stmt" count="0"/>
      <line num="82" type="stmt" count="0"/>
      <line num="83" type="stmt" count="0"/>
      <line num="84" type="stmt" count="0"/>
      <line num="85" type="stmt" count="0"/>
      <line num="86" type="stmt" count="0"/>
      <line num="87" type="stmt" count="0"/>
      <line num="89" type="stmt" count="0"/>
      <line num="90" type="stmt" count="0"/>
      <line num="91" type="stmt" count="0"/>
      <line num="98" type="method" name="verifyOtp" visibility="public" complexity="4" crap="4.18" count="4"/>
      <line num="101" type="stmt" count="4"/>
      <line num="104" type="stmt" count="4"/>
      <line num="106" type="stmt" count="4"/>
      <line num="107" type="stmt" count="2"/>
      <line num="110" type="stmt" count="2"/>
      <line num="111" type="stmt" count="0"/>
      <line num="114" type="stmt" count="2"/>
      <line num="116" type="stmt" count="2"/>
      <line num="117" type="stmt" count="2"/>
      <line num="118" type="stmt" count="2"/>
      <line num="119" type="stmt" count="2"/>
      <line num="120" type="stmt" count="2"/>
      <line num="121" type="stmt" count="2"/>
      <line num="122" type="stmt" count="2"/>
      <line num="123" type="stmt" count="2"/>
      <line num="125" type="stmt" count="0"/>
      <line num="126" type="stmt" count="0"/>
      <line num="127" type="stmt" count="0"/>
      <line num="133" type="method" name="isTestingMode" visibility="private" complexity="1" crap="1" count="5"/>
      <line num="135" type="stmt" count="5"/>
      <line num="142" type="method" name="isBypassMode" visibility="private" complexity="2" crap="6" count="0"/>
      <line num="145" type="stmt" count="0"/>
      <line num="151" type="method" name="isValidSixDigitCode" visibility="private" complexity="1" crap="2" count="0"/>
      <line num="153" type="stmt" count="0"/>
      <line num="159" type="method" name="createBypassOtpRecord" visibility="private" complexity="2" crap="6" count="0"/>
      <line num="163" type="stmt" count="0"/>
      <line num="166" type="stmt" count="0"/>
      <line num="167" type="stmt" count="0"/>
      <line num="168" type="stmt" count="0"/>
      <line num="169" type="stmt" count="0"/>
      <line num="170" type="stmt" count="0"/>
      <line num="171" type="stmt" count="0"/>
      <line num="172" type="stmt" count="0"/>
      <line num="173" type="stmt" count="0"/>
      <line num="174" type="stmt" count="0"/>
      <line num="175" type="stmt" count="0"/>
      <line num="176" type="stmt" count="0"/>
      <line num="183" type="method" name="sendViaCallMeBot" visibility="private" complexity="4" crap="20" count="0"/>
      <line num="186" type="stmt" count="0"/>
      <line num="187" type="stmt" count="0"/>
      <line num="189" type="stmt" count="0"/>
      <line num="190" type="stmt" count="0"/>
      <line num="191" type="stmt" count="0"/>
      <line num="192" type="stmt" count="0"/>
      <line num="193" type="stmt" count="0"/>
      <line num="196" type="stmt" count="0"/>
      <line num="198" type="stmt" count="0"/>
      <line num="199" type="stmt" count="0"/>
      <line num="200" type="stmt" count="0"/>
      <line num="203" type="stmt" count="0"/>
      <line num="204" type="stmt" count="0"/>
      <line num="205" type="stmt" count="0"/>
      <line num="208" type="stmt" count="0"/>
      <line num="209" type="stmt" count="0"/>
      <line num="211" type="stmt" count="0"/>
      <line num="212" type="stmt" count="0"/>
      <line num="213" type="stmt" count="0"/>
      <line num="220" type="method" name="normalizeForCallMeBot" visibility="private" complexity="5" crap="30" count="0"/>
      <line num="222" type="stmt" count="0"/>
      <line num="223" type="stmt" count="0"/>
      <line num="225" type="stmt" count="0"/>
      <line num="226" type="stmt" count="0"/>
      <line num="229" type="stmt" count="0"/>
      <line num="230" type="stmt" count="0"/>
      <line num="233" type="stmt" count="0"/>
      <line num="240" type="method" name="validateSyrianPhone" visibility="private" complexity="1" crap="1" count="9"/>
      <line num="242" type="stmt" count="9"/>
      <line num="248" type="method" name="canSendOtp" visibility="private" complexity="1" crap="1" count="5"/>
      <line num="250" type="stmt" count="5"/>
      <line num="251" type="stmt" count="5"/>
      <metrics loc="254" ncloc="211" classes="1" methods="11" coveredmethods="4" conditionals="0" coveredconditionals="0" statements="111" coveredstatements="41" elements="122" coveredelements="45"/>
    </file>
    <metrics files="125" loc="14002" ncloc="11621" classes="115" methods="613" coveredmethods="207" conditionals="0" coveredconditionals="0" statements="5626" coveredstatements="1633" elements="6239" coveredelements="1840"/>
  </project>
</coverage>
